  [4;36;1mSQL (0.3ms)[0m   [0;1m SELECT name
 FROM sqlite_master
 WHERE type = 'table' AND NOT name = 'sqlite_sequence'
[0m
  [4;35;1mSQL (0.1ms)[0m   [0mselect sqlite_version(*)[0m
  [4;36;1mSQL (1.2ms)[0m   [0;1mCREATE TABLE "schema_migrations" ("version" varchar(255) NOT NULL) [0m
  [4;35;1mSQL (0.0ms)[0m   [0mPRAGMA index_list("schema_migrations")[0m
  [4;36;1mSQL (1.0ms)[0m   [0;1mCREATE UNIQUE INDEX "unique_schema_migrations" ON "schema_migrations" ("version")[0m
  [4;35;1mSQL (0.1ms)[0m   [0m SELECT name
 FROM sqlite_master
 WHERE type = 'table' AND NOT name = 'sqlite_sequence'
[0m
  [4;36;1mSQL (0.1ms)[0m   [0;1mSELECT version FROM schema_migrations[0m
Migrating to CreateComics (20120715225800)
  [4;35;1mSQL (0.3ms)[0m   [0mCREATE TABLE "comics" ("id" INTEGER PRIMARY KEY AUTOINCREMENT NOT NULL, "created_at" datetime, "updated_at" datetime) [0m
  [4;36;1mSQL (0.1ms)[0m   [0;1mINSERT INTO schema_migrations (version) VALUES ('20120715225800')[0m
Migrating to CreateChapters (20120715225952)
  [4;35;1mSQL (0.2ms)[0m   [0mCREATE TABLE "chapters" ("id" INTEGER PRIMARY KEY AUTOINCREMENT NOT NULL, "created_at" datetime, "updated_at" datetime) [0m
  [4;36;1mSQL (0.1ms)[0m   [0;1mINSERT INTO schema_migrations (version) VALUES ('20120715225952')[0m
Migrating to CreatePages (20120715230029)
  [4;35;1mSQL (0.3ms)[0m   [0mCREATE TABLE "pages" ("id" INTEGER PRIMARY KEY AUTOINCREMENT NOT NULL, "created_at" datetime, "updated_at" datetime) [0m
  [4;36;1mSQL (0.1ms)[0m   [0;1mINSERT INTO schema_migrations (version) VALUES ('20120715230029')[0m
Migrating to CreatePosts (20120715230426)
  [4;35;1mSQL (0.3ms)[0m   [0mCREATE TABLE "posts" ("id" INTEGER PRIMARY KEY AUTOINCREMENT NOT NULL, "created_at" datetime, "updated_at" datetime) [0m
  [4;36;1mSQL (0.1ms)[0m   [0;1mINSERT INTO schema_migrations (version) VALUES ('20120715230426')[0m
  [4;35;1mSQL (0.2ms)[0m   [0m SELECT name
 FROM sqlite_master
 WHERE type = 'table' AND NOT name = 'sqlite_sequence'
[0m
  [4;36;1mSQL (0.1ms)[0m   [0;1mSELECT version FROM schema_migrations[0m
  [4;35;1mSQL (0.1ms)[0m   [0m SELECT name
 FROM sqlite_master
 WHERE type = 'table' AND NOT name = 'sqlite_sequence'
[0m
  [4;36;1mSQL (0.0ms)[0m   [0;1mPRAGMA index_list("chapters")[0m
  [4;35;1mSQL (0.0ms)[0m   [0mPRAGMA index_list("comics")[0m
  [4;36;1mSQL (0.0ms)[0m   [0;1mPRAGMA index_list("pages")[0m
  [4;35;1mSQL (0.0ms)[0m   [0mPRAGMA index_list("posts")[0m
  [4;36;1mSQL (0.4ms)[0m   [0;1m SELECT name
 FROM sqlite_master
 WHERE type = 'table' AND NOT name = 'sqlite_sequence'
[0m
  [4;35;1mSQL (0.1ms)[0m   [0mSELECT version FROM schema_migrations[0m
Migrating to CreateComics (20120715225800)
Migrating to CreateChapters (20120715225952)
Migrating to CreatePages (20120715230029)
Migrating to CreatePosts (20120715230426)
  [4;36;1mSQL (0.1ms)[0m   [0;1mselect sqlite_version(*)[0m
  [4;35;1mSQL (0.1ms)[0m   [0m SELECT name
 FROM sqlite_master
 WHERE type = 'table' AND NOT name = 'sqlite_sequence'
[0m
  [4;36;1mSQL (0.1ms)[0m   [0;1mSELECT version FROM schema_migrations[0m
  [4;35;1mSQL (0.1ms)[0m   [0m SELECT name
 FROM sqlite_master
 WHERE type = 'table' AND NOT name = 'sqlite_sequence'
[0m
  [4;36;1mSQL (0.0ms)[0m   [0;1mPRAGMA index_list("chapters")[0m
  [4;35;1mSQL (0.0ms)[0m   [0mPRAGMA index_list("comics")[0m
  [4;36;1mSQL (0.0ms)[0m   [0;1mPRAGMA index_list("pages")[0m
  [4;35;1mSQL (0.0ms)[0m   [0mPRAGMA index_list("posts")[0m
  [4;36;1mSQL (0.5ms)[0m   [0;1m SELECT name
 FROM sqlite_master
 WHERE type = 'table' AND NOT name = 'sqlite_sequence'
[0m
  [4;35;1mSQL (0.1ms)[0m   [0mSELECT version FROM schema_migrations[0m
Migrating to CreateComics (20120715225800)
Migrating to CreateChapters (20120715225952)
Migrating to CreatePages (20120715230029)
Migrating to CreatePosts (20120715230426)
  [4;36;1mSQL (0.1ms)[0m   [0;1mselect sqlite_version(*)[0m
  [4;35;1mSQL (0.1ms)[0m   [0m SELECT name
 FROM sqlite_master
 WHERE type = 'table' AND NOT name = 'sqlite_sequence'
[0m
  [4;36;1mSQL (0.1ms)[0m   [0;1mSELECT version FROM schema_migrations[0m
  [4;35;1mSQL (0.1ms)[0m   [0m SELECT name
 FROM sqlite_master
 WHERE type = 'table' AND NOT name = 'sqlite_sequence'
[0m
  [4;36;1mSQL (0.0ms)[0m   [0;1mPRAGMA index_list("chapters")[0m
  [4;35;1mSQL (0.0ms)[0m   [0mPRAGMA index_list("comics")[0m
  [4;36;1mSQL (0.0ms)[0m   [0;1mPRAGMA index_list("pages")[0m
  [4;35;1mSQL (0.0ms)[0m   [0mPRAGMA index_list("posts")[0m
  [4;36;1mSQL (0.5ms)[0m   [0;1m SELECT name
 FROM sqlite_master
 WHERE type = 'table' AND NOT name = 'sqlite_sequence'
[0m
  [4;35;1mSQL (0.1ms)[0m   [0mSELECT version FROM schema_migrations[0m
Migrating to CreateComics (20120715225800)
Migrating to CreateChapters (20120715225952)
Migrating to CreatePages (20120715230029)
Migrating to CreatePosts (20120715230426)
Migrating to AddComicIdToChapters (20120715232200)
  [4;36;1mSQL (0.0ms)[0m   [0;1mselect sqlite_version(*)[0m
  [4;35;1mSQL (3.7ms)[0m   [0mALTER TABLE "chapters" ADD "comic_id" integer[0m
  [4;36;1mSQL (0.1ms)[0m   [0;1mINSERT INTO schema_migrations (version) VALUES ('20120715232200')[0m
  [4;35;1mSQL (0.2ms)[0m   [0m SELECT name
 FROM sqlite_master
 WHERE type = 'table' AND NOT name = 'sqlite_sequence'
[0m
  [4;36;1mSQL (0.1ms)[0m   [0;1mSELECT version FROM schema_migrations[0m
  [4;35;1mSQL (0.1ms)[0m   [0m SELECT name
 FROM sqlite_master
 WHERE type = 'table' AND NOT name = 'sqlite_sequence'
[0m
  [4;36;1mSQL (0.0ms)[0m   [0;1mPRAGMA index_list("chapters")[0m
  [4;35;1mSQL (0.0ms)[0m   [0mPRAGMA index_list("comics")[0m
  [4;36;1mSQL (0.0ms)[0m   [0;1mPRAGMA index_list("pages")[0m
  [4;35;1mSQL (0.0ms)[0m   [0mPRAGMA index_list("posts")[0m
  [4;36;1mSQL (0.5ms)[0m   [0;1m SELECT name
 FROM sqlite_master
 WHERE type = 'table' AND NOT name = 'sqlite_sequence'
[0m
  [4;35;1mSQL (0.1ms)[0m   [0mSELECT version FROM schema_migrations[0m
Migrating to CreateComics (20120715225800)
Migrating to CreateChapters (20120715225952)
Migrating to CreatePages (20120715230029)
Migrating to CreatePosts (20120715230426)
Migrating to AddComicIdToChapters (20120715232200)
Migrating to AddChapterIdToPages (20120715232330)
  [4;36;1mSQL (0.0ms)[0m   [0;1mselect sqlite_version(*)[0m
  [4;35;1mSQL (0.4ms)[0m   [0mALTER TABLE "pages" ADD "chapter_id" integer[0m
  [4;36;1mSQL (0.2ms)[0m   [0;1mINSERT INTO schema_migrations (version) VALUES ('20120715232330')[0m
  [4;35;1mSQL (0.2ms)[0m   [0m SELECT name
 FROM sqlite_master
 WHERE type = 'table' AND NOT name = 'sqlite_sequence'
[0m
  [4;36;1mSQL (0.1ms)[0m   [0;1mSELECT version FROM schema_migrations[0m
  [4;35;1mSQL (0.1ms)[0m   [0m SELECT name
 FROM sqlite_master
 WHERE type = 'table' AND NOT name = 'sqlite_sequence'
[0m
  [4;36;1mSQL (0.0ms)[0m   [0;1mPRAGMA index_list("chapters")[0m
  [4;35;1mSQL (0.0ms)[0m   [0mPRAGMA index_list("comics")[0m
  [4;36;1mSQL (0.0ms)[0m   [0;1mPRAGMA index_list("pages")[0m
  [4;35;1mSQL (0.0ms)[0m   [0mPRAGMA index_list("posts")[0m
  [4;36;1mSQL (0.5ms)[0m   [0;1m SELECT name
 FROM sqlite_master
 WHERE type = 'table' AND NOT name = 'sqlite_sequence'
[0m
  [4;35;1mSQL (0.1ms)[0m   [0mSELECT version FROM schema_migrations[0m
Migrating to CreateComics (20120715225800)
Migrating to CreateChapters (20120715225952)
Migrating to CreatePages (20120715230029)
Migrating to CreatePosts (20120715230426)
Migrating to AddComicIdToChapters (20120715232200)
Migrating to AddChapterIdToPages (20120715232330)
  [4;36;1mSQL (0.1ms)[0m   [0;1mselect sqlite_version(*)[0m
  [4;35;1mSQL (0.1ms)[0m   [0m SELECT name
 FROM sqlite_master
 WHERE type = 'table' AND NOT name = 'sqlite_sequence'
[0m
  [4;36;1mSQL (0.1ms)[0m   [0;1mSELECT version FROM schema_migrations[0m
  [4;35;1mSQL (0.1ms)[0m   [0m SELECT name
 FROM sqlite_master
 WHERE type = 'table' AND NOT name = 'sqlite_sequence'
[0m
  [4;36;1mSQL (0.0ms)[0m   [0;1mPRAGMA index_list("chapters")[0m
  [4;35;1mSQL (0.0ms)[0m   [0mPRAGMA index_list("comics")[0m
  [4;36;1mSQL (0.0ms)[0m   [0;1mPRAGMA index_list("pages")[0m
  [4;35;1mSQL (0.0ms)[0m   [0mPRAGMA index_list("posts")[0m
  [4;36;1mSQL (0.5ms)[0m   [0;1m SELECT name
 FROM sqlite_master
 WHERE type = 'table' AND NOT name = 'sqlite_sequence'
[0m
  [4;35;1mSQL (0.1ms)[0m   [0mSELECT version FROM schema_migrations[0m
Migrating to CreateComics (20120715225800)
Migrating to CreateChapters (20120715225952)
Migrating to CreatePages (20120715230029)
Migrating to CreatePosts (20120715230426)
Migrating to AddComicIdToChapters (20120715232200)
Migrating to AddChapterIdToPages (20120715232330)
Migrating to AddPageIdToPost (20120715233053)
  [4;36;1mSQL (0.1ms)[0m   [0;1mselect sqlite_version(*)[0m
  [4;35;1mSQL (0.3ms)[0m   [0mALTER TABLE "posts" ADD "page_id" integer[0m
  [4;36;1mSQL (0.1ms)[0m   [0;1mINSERT INTO schema_migrations (version) VALUES ('20120715233053')[0m
  [4;35;1mSQL (0.2ms)[0m   [0m SELECT name
 FROM sqlite_master
 WHERE type = 'table' AND NOT name = 'sqlite_sequence'
[0m
  [4;36;1mSQL (0.1ms)[0m   [0;1mSELECT version FROM schema_migrations[0m
  [4;35;1mSQL (0.1ms)[0m   [0m SELECT name
 FROM sqlite_master
 WHERE type = 'table' AND NOT name = 'sqlite_sequence'
[0m
  [4;36;1mSQL (0.0ms)[0m   [0;1mPRAGMA index_list("chapters")[0m
  [4;35;1mSQL (0.1ms)[0m   [0mPRAGMA index_list("comics")[0m
  [4;36;1mSQL (0.0ms)[0m   [0;1mPRAGMA index_list("pages")[0m
  [4;35;1mSQL (0.0ms)[0m   [0mPRAGMA index_list("posts")[0m


Processing ComicsController#index (for 127.0.0.1 at 2012-07-15 19:43:07) [GET]
  [4;36;1mComic Load (0.4ms)[0m   [0;1mSELECT * FROM "comics" [0m
Rendering template within layouts/comics
Rendering comics/index
Completed in 28ms (View: 18, DB: 0) | 200 OK [http://localhost/comics]


Processing ComicsController#new (for 127.0.0.1 at 2012-07-15 19:43:14) [GET]
Rendering template within layouts/comics
Rendering comics/new
Completed in 31ms (View: 27, DB: 0) | 200 OK [http://localhost/comics/new]


Processing ComicsController#create (for 127.0.0.1 at 2012-07-15 19:43:15) [POST]
  Parameters: {"authenticity_token"=>"8XGHA8TCbXHFfyLopawupaKVOfH6C9ytDgyHm+2okEg=", "commit"=>"Create"}
  [4;35;1mComic Create (0.3ms)[0m   [0mINSERT INTO "comics" ("created_at", "updated_at") VALUES('2012-07-15 23:43:15', '2012-07-15 23:43:15')[0m
Redirected to http://localhost:3000/comics/1
Completed in 10ms (DB: 0) | 302 Found [http://localhost/comics]


Processing ComicsController#show (for 127.0.0.1 at 2012-07-15 19:43:15) [GET]
  Parameters: {"id"=>"1"}
  [4;36;1mComic Load (0.1ms)[0m   [0;1mSELECT * FROM "comics" WHERE ("comics"."id" = 1) [0m
Rendering template within layouts/comics
Rendering comics/show
Completed in 10ms (View: 5, DB: 0) | 200 OK [http://localhost/comics/1]


Processing ComicsController#index (for 127.0.0.1 at 2012-07-15 19:43:20) [GET]
  [4;35;1mComic Load (0.3ms)[0m   [0mSELECT * FROM "comics" [0m
Rendering template within layouts/comics
Rendering comics/index
Completed in 7ms (View: 3, DB: 0) | 200 OK [http://localhost/comics]


Processing ComicsController#edit (for 127.0.0.1 at 2012-07-15 19:43:32) [GET]
  Parameters: {"id"=>"1"}
  [4;36;1mComic Load (0.1ms)[0m   [0;1mSELECT * FROM "comics" WHERE ("comics"."id" = 1) [0m
Rendering template within layouts/comics
Rendering comics/edit
Completed in 11ms (View: 7, DB: 0) | 200 OK [http://localhost/comics/1/edit]


Processing ComicsController#index (for 127.0.0.1 at 2012-07-15 19:43:34) [GET]
  [4;35;1mComic Load (0.3ms)[0m   [0mSELECT * FROM "comics" [0m
Rendering template within layouts/comics
Rendering comics/index
Completed in 23ms (View: 3, DB: 0) | 200 OK [http://localhost/comics]


Processing ComicsController#destroy (for 127.0.0.1 at 2012-07-15 19:43:38) [DELETE]
  Parameters: {"authenticity_token"=>"8XGHA8TCbXHFfyLopawupaKVOfH6C9ytDgyHm+2okEg=", "id"=>"1"}
  [4;36;1mComic Load (0.1ms)[0m   [0;1mSELECT * FROM "comics" WHERE ("comics"."id" = 1) [0m
  [4;35;1mComic Destroy (0.2ms)[0m   [0mDELETE FROM "comics" WHERE "id" = 1[0m
Redirected to http://localhost:3000/comics
Completed in 7ms (DB: 0) | 302 Found [http://localhost/comics/1]


Processing ComicsController#index (for 127.0.0.1 at 2012-07-15 19:43:38) [GET]
  [4;36;1mComic Load (0.3ms)[0m   [0;1mSELECT * FROM "comics" [0m
Rendering template within layouts/comics
Rendering comics/index
Completed in 5ms (View: 1, DB: 0) | 200 OK [http://localhost/comics]
  [4;36;1mSQL (0.5ms)[0m   [0;1m SELECT name
 FROM sqlite_master
 WHERE type = 'table' AND NOT name = 'sqlite_sequence'
[0m
  [4;35;1mSQL (0.5ms)[0m   [0mSELECT version FROM schema_migrations[0m
Migrating to CreateComics (20120715225800)
Migrating to CreateChapters (20120715225952)
Migrating to CreatePages (20120715230029)
Migrating to CreatePosts (20120715230426)
Migrating to AddComicIdToChapters (20120715232200)
Migrating to AddChapterIdToPages (20120715232330)
Migrating to AddPageIdToPost (20120715233053)
Migrating to AddTitleToComic (20120819210031)
  [4;36;1mSQL (0.1ms)[0m   [0;1mselect sqlite_version(*)[0m
  [4;35;1mSQL (0.3ms)[0m   [0mALTER TABLE "comics" ADD "title" varchar(255)[0m
  [4;36;1mSQL (0.5ms)[0m   [0;1mINSERT INTO schema_migrations (version) VALUES ('20120819210031')[0m
  [4;35;1mSQL (0.2ms)[0m   [0m SELECT name
 FROM sqlite_master
 WHERE type = 'table' AND NOT name = 'sqlite_sequence'
[0m
  [4;36;1mSQL (0.1ms)[0m   [0;1mSELECT version FROM schema_migrations[0m
  [4;35;1mSQL (0.1ms)[0m   [0m SELECT name
 FROM sqlite_master
 WHERE type = 'table' AND NOT name = 'sqlite_sequence'
[0m
  [4;36;1mSQL (0.0ms)[0m   [0;1mPRAGMA index_list("chapters")[0m
  [4;35;1mSQL (0.0ms)[0m   [0mPRAGMA index_list("comics")[0m
  [4;36;1mSQL (0.0ms)[0m   [0;1mPRAGMA index_list("pages")[0m
  [4;35;1mSQL (0.0ms)[0m   [0mPRAGMA index_list("posts")[0m
  [4;36;1mSQL (0.5ms)[0m   [0;1m SELECT name
 FROM sqlite_master
 WHERE type = 'table' AND NOT name = 'sqlite_sequence'
[0m
  [4;36;1mComic Load (0.3ms)[0m   [0;1mSELECT * FROM "comics" [0m
  [4;35;1mComic Create (0.6ms)[0m   [0mINSERT INTO "comics" ("created_at", "updated_at", "title") VALUES('2012-08-19 21:15:32', '2012-08-19 21:15:32', 'BLEREARSER')[0m
  [4;36;1mComic Load (0.4ms)[0m   [0;1mSELECT * FROM "comics" [0m
  [4;36;1mSQL (0.4ms)[0m   [0;1m SELECT name
 FROM sqlite_master
 WHERE type = 'table' AND NOT name = 'sqlite_sequence'
[0m
  [4;35;1mSQL (0.1ms)[0m   [0mSELECT version FROM schema_migrations[0m
Migrating to CreateComics (20120715225800)
Migrating to CreateChapters (20120715225952)
Migrating to CreatePages (20120715230029)
Migrating to CreatePosts (20120715230426)
Migrating to AddComicIdToChapters (20120715232200)
Migrating to AddChapterIdToPages (20120715232330)
Migrating to AddPageIdToPost (20120715233053)
Migrating to AddTitleToComic (20120819210031)
Migrating to AddComicStripToPage (20120819212611)
  [4;36;1mSQL (0.1ms)[0m   [0;1mselect sqlite_version(*)[0m
  [4;36;1mSQL (0.4ms)[0m   [0;1m SELECT name
 FROM sqlite_master
 WHERE type = 'table' AND NOT name = 'sqlite_sequence'
[0m
  [4;35;1mSQL (0.1ms)[0m   [0mSELECT version FROM schema_migrations[0m
Migrating to CreateComics (20120715225800)
Migrating to CreateChapters (20120715225952)
Migrating to CreatePages (20120715230029)
Migrating to CreatePosts (20120715230426)
Migrating to AddComicIdToChapters (20120715232200)
Migrating to AddChapterIdToPages (20120715232330)
Migrating to AddPageIdToPost (20120715233053)
Migrating to AddTitleToComic (20120819210031)
Migrating to AddComicStripToPage (20120819212611)
  [4;36;1mSQL (0.0ms)[0m   [0;1mselect sqlite_version(*)[0m
  [4;36;1mSQL (0.4ms)[0m   [0;1m SELECT name
 FROM sqlite_master
 WHERE type = 'table' AND NOT name = 'sqlite_sequence'
[0m
  [4;35;1mSQL (0.1ms)[0m   [0mSELECT version FROM schema_migrations[0m
Migrating to CreateComics (20120715225800)
Migrating to CreateChapters (20120715225952)
Migrating to CreatePages (20120715230029)
Migrating to CreatePosts (20120715230426)
Migrating to AddComicIdToChapters (20120715232200)
Migrating to AddChapterIdToPages (20120715232330)
Migrating to AddPageIdToPost (20120715233053)
Migrating to AddTitleToComic (20120819210031)
Migrating to AddAttachmentsComicStripToPage (20120819213206)
  [4;36;1mSQL (0.0ms)[0m   [0;1mselect sqlite_version(*)[0m
  [4;35;1mSQL (0.3ms)[0m   [0mALTER TABLE "pages" ADD "comic_strip_file_name" varchar(255)[0m
  [4;36;1mSQL (0.1ms)[0m   [0;1mALTER TABLE "pages" ADD "comic_strip_content_type" varchar(255)[0m
  [4;35;1mSQL (0.1ms)[0m   [0mALTER TABLE "pages" ADD "comic_strip_file_size" integer[0m
  [4;36;1mSQL (0.1ms)[0m   [0;1mALTER TABLE "pages" ADD "comic_strip_updated_at" datetime[0m
  [4;35;1mSQL (0.1ms)[0m   [0mINSERT INTO schema_migrations (version) VALUES ('20120819213206')[0m
  [4;36;1mSQL (0.2ms)[0m   [0;1m SELECT name
 FROM sqlite_master
 WHERE type = 'table' AND NOT name = 'sqlite_sequence'
[0m
  [4;35;1mSQL (0.2ms)[0m   [0mSELECT version FROM schema_migrations[0m
  [4;36;1mSQL (0.1ms)[0m   [0;1m SELECT name
 FROM sqlite_master
 WHERE type = 'table' AND NOT name = 'sqlite_sequence'
[0m
  [4;35;1mSQL (0.0ms)[0m   [0mPRAGMA index_list("chapters")[0m
  [4;36;1mSQL (0.0ms)[0m   [0;1mPRAGMA index_list("comics")[0m
  [4;35;1mSQL (0.0ms)[0m   [0mPRAGMA index_list("pages")[0m
  [4;36;1mSQL (0.0ms)[0m   [0;1mPRAGMA index_list("posts")[0m
  [4;36;1mSQL (0.4ms)[0m   [0;1m SELECT name
 FROM sqlite_master
 WHERE type = 'table' AND NOT name = 'sqlite_sequence'
[0m
  [4;35;1mSQL (0.1ms)[0m   [0mSELECT version FROM schema_migrations[0m
Migrating to CreateComics (20120715225800)
Migrating to CreateChapters (20120715225952)
Migrating to CreatePages (20120715230029)
Migrating to CreatePosts (20120715230426)
Migrating to AddComicIdToChapters (20120715232200)
Migrating to AddChapterIdToPages (20120715232330)
Migrating to AddPageIdToPost (20120715233053)
Migrating to AddTitleToComic (20120819210031)
Migrating to AddAttachmentsComicStripToPage (20120819213206)
Migrating to AddPageNumberToPage (20120819214546)
  [4;36;1mSQL (0.1ms)[0m   [0;1mselect sqlite_version(*)[0m
  [4;35;1mSQL (0.4ms)[0m   [0mALTER TABLE "pages" ADD "page_number" integer[0m
  [4;36;1mSQL (0.1ms)[0m   [0;1mINSERT INTO schema_migrations (version) VALUES ('20120819214546')[0m
  [4;35;1mSQL (0.2ms)[0m   [0m SELECT name
 FROM sqlite_master
 WHERE type = 'table' AND NOT name = 'sqlite_sequence'
[0m
  [4;36;1mSQL (0.1ms)[0m   [0;1mSELECT version FROM schema_migrations[0m
  [4;35;1mSQL (0.1ms)[0m   [0m SELECT name
 FROM sqlite_master
 WHERE type = 'table' AND NOT name = 'sqlite_sequence'
[0m
  [4;36;1mSQL (0.0ms)[0m   [0;1mPRAGMA index_list("chapters")[0m
  [4;35;1mSQL (0.0ms)[0m   [0mPRAGMA index_list("comics")[0m
  [4;36;1mSQL (0.0ms)[0m   [0;1mPRAGMA index_list("pages")[0m
  [4;35;1mSQL (0.0ms)[0m   [0mPRAGMA index_list("posts")[0m
  [4;36;1mSQL (0.5ms)[0m   [0;1m SELECT name
 FROM sqlite_master
 WHERE type = 'table' AND NOT name = 'sqlite_sequence'
[0m
  [4;35;1mSQL (0.1ms)[0m   [0mSELECT version FROM schema_migrations[0m
  [4;36;1mSQL (0.2ms)[0m   [0;1mselect sqlite_version(*)[0m
  [4;35;1mSQL (0.1ms)[0m   [0m SELECT name
 FROM sqlite_master
 WHERE type = 'table' AND NOT name = 'sqlite_sequence'
[0m
  [4;36;1mSQL (1.5ms)[0m   [0;1mCREATE TABLE "chapters" ("id" INTEGER PRIMARY KEY AUTOINCREMENT NOT NULL, "created_at" datetime, "updated_at" datetime, "comic_id" integer) [0m
  [4;35;1mSQL (0.1ms)[0m   [0m SELECT name
 FROM sqlite_master
 WHERE type = 'table' AND NOT name = 'sqlite_sequence'
[0m
  [4;36;1mSQL (1.3ms)[0m   [0;1mCREATE TABLE "comics" ("id" INTEGER PRIMARY KEY AUTOINCREMENT NOT NULL, "created_at" datetime, "updated_at" datetime, "title" varchar(255)) [0m
  [4;35;1mSQL (0.1ms)[0m   [0m SELECT name
 FROM sqlite_master
 WHERE type = 'table' AND NOT name = 'sqlite_sequence'
[0m
  [4;36;1mSQL (1.4ms)[0m   [0;1mCREATE TABLE "pages" ("id" INTEGER PRIMARY KEY AUTOINCREMENT NOT NULL, "created_at" datetime, "updated_at" datetime, "chapter_id" integer, "comic_strip_file_name" varchar(255), "comic_strip_content_type" varchar(255), "comic_strip_file_size" integer, "comic_strip_updated_at" datetime, "page_number" integer) [0m
  [4;35;1mSQL (0.2ms)[0m   [0m SELECT name
 FROM sqlite_master
 WHERE type = 'table' AND NOT name = 'sqlite_sequence'
[0m
  [4;36;1mSQL (1.6ms)[0m   [0;1mCREATE TABLE "posts" ("id" INTEGER PRIMARY KEY AUTOINCREMENT NOT NULL, "created_at" datetime, "updated_at" datetime, "page_id" integer) [0m
  [4;35;1mSQL (0.1ms)[0m   [0m SELECT name
 FROM sqlite_master
 WHERE type = 'table' AND NOT name = 'sqlite_sequence'
[0m
  [4;36;1mSQL (1.3ms)[0m   [0;1mCREATE TABLE "schema_migrations" ("version" varchar(255) NOT NULL) [0m
  [4;35;1mSQL (0.0ms)[0m   [0mPRAGMA index_list("schema_migrations")[0m
  [4;36;1mSQL (1.2ms)[0m   [0;1mCREATE UNIQUE INDEX "unique_schema_migrations" ON "schema_migrations" ("version")[0m
  [4;35;1mSQL (0.1ms)[0m   [0m SELECT name
 FROM sqlite_master
 WHERE type = 'table' AND NOT name = 'sqlite_sequence'
[0m
  [4;36;1mSQL (0.1ms)[0m   [0;1mSELECT version FROM "schema_migrations"[0m
  [4;35;1mSQL (1.2ms)[0m   [0mINSERT INTO "schema_migrations" (version) VALUES ('20120819214546')[0m
  [4;36;1mSQL (0.9ms)[0m   [0;1mINSERT INTO "schema_migrations" (version) VALUES ('20120715225800')[0m
  [4;35;1mSQL (0.9ms)[0m   [0mINSERT INTO "schema_migrations" (version) VALUES ('20120715225952')[0m
  [4;36;1mSQL (0.7ms)[0m   [0;1mINSERT INTO "schema_migrations" (version) VALUES ('20120715230029')[0m
  [4;35;1mSQL (0.9ms)[0m   [0mINSERT INTO "schema_migrations" (version) VALUES ('20120715230426')[0m
  [4;36;1mSQL (0.8ms)[0m   [0;1mINSERT INTO "schema_migrations" (version) VALUES ('20120715232200')[0m
  [4;35;1mSQL (0.9ms)[0m   [0mINSERT INTO "schema_migrations" (version) VALUES ('20120715232330')[0m
  [4;36;1mSQL (1.7ms)[0m   [0;1mINSERT INTO "schema_migrations" (version) VALUES ('20120715233053')[0m
  [4;35;1mSQL (1.1ms)[0m   [0mINSERT INTO "schema_migrations" (version) VALUES ('20120819210031')[0m
  [4;36;1mSQL (0.9ms)[0m   [0;1mINSERT INTO "schema_migrations" (version) VALUES ('20120819213206')[0m
  [4;36;1mSQL (0.5ms)[0m   [0;1m SELECT name
 FROM sqlite_master
 WHERE type = 'table' AND NOT name = 'sqlite_sequence'
[0m
  [4;35;1mSQL (0.1ms)[0m   [0mSELECT version FROM schema_migrations[0m
  [4;36;1mSQL (0.2ms)[0m   [0;1mselect sqlite_version(*)[0m
  [4;35;1mSQL (0.1ms)[0m   [0m SELECT name
 FROM sqlite_master
 WHERE type = 'table' AND NOT name = 'sqlite_sequence'
[0m
  [4;36;1mSQL (4.0ms)[0m   [0;1mCREATE TABLE "chapters" ("id" INTEGER PRIMARY KEY AUTOINCREMENT NOT NULL, "created_at" datetime, "updated_at" datetime, "comic_id" integer) [0m
  [4;35;1mSQL (0.8ms)[0m   [0m SELECT name
 FROM sqlite_master
 WHERE type = 'table' AND NOT name = 'sqlite_sequence'
[0m
  [4;36;1mSQL (1.5ms)[0m   [0;1mCREATE TABLE "comics" ("id" INTEGER PRIMARY KEY AUTOINCREMENT NOT NULL, "created_at" datetime, "updated_at" datetime, "title" varchar(255)) [0m
  [4;35;1mSQL (0.1ms)[0m   [0m SELECT name
 FROM sqlite_master
 WHERE type = 'table' AND NOT name = 'sqlite_sequence'
[0m
  [4;36;1mSQL (1.4ms)[0m   [0;1mCREATE TABLE "pages" ("id" INTEGER PRIMARY KEY AUTOINCREMENT NOT NULL, "created_at" datetime, "updated_at" datetime, "chapter_id" integer, "comic_strip_file_name" varchar(255), "comic_strip_content_type" varchar(255), "comic_strip_file_size" integer, "comic_strip_updated_at" datetime, "page_number" integer) [0m
  [4;35;1mSQL (0.1ms)[0m   [0m SELECT name
 FROM sqlite_master
 WHERE type = 'table' AND NOT name = 'sqlite_sequence'
[0m
  [4;36;1mSQL (1.4ms)[0m   [0;1mCREATE TABLE "posts" ("id" INTEGER PRIMARY KEY AUTOINCREMENT NOT NULL, "created_at" datetime, "updated_at" datetime, "page_id" integer) [0m
  [4;35;1mSQL (0.1ms)[0m   [0m SELECT name
 FROM sqlite_master
 WHERE type = 'table' AND NOT name = 'sqlite_sequence'
[0m
  [4;36;1mSQL (1.3ms)[0m   [0;1mCREATE TABLE "schema_migrations" ("version" varchar(255) NOT NULL) [0m
  [4;35;1mSQL (0.0ms)[0m   [0mPRAGMA index_list("schema_migrations")[0m
  [4;36;1mSQL (1.2ms)[0m   [0;1mCREATE UNIQUE INDEX "unique_schema_migrations" ON "schema_migrations" ("version")[0m
  [4;35;1mSQL (0.1ms)[0m   [0m SELECT name
 FROM sqlite_master
 WHERE type = 'table' AND NOT name = 'sqlite_sequence'
[0m
  [4;36;1mSQL (0.1ms)[0m   [0;1mSELECT version FROM "schema_migrations"[0m
  [4;35;1mSQL (1.3ms)[0m   [0mINSERT INTO "schema_migrations" (version) VALUES ('20120819214546')[0m
  [4;36;1mSQL (0.7ms)[0m   [0;1mINSERT INTO "schema_migrations" (version) VALUES ('20120715225800')[0m
  [4;35;1mSQL (0.8ms)[0m   [0mINSERT INTO "schema_migrations" (version) VALUES ('20120715225952')[0m
  [4;36;1mSQL (0.9ms)[0m   [0;1mINSERT INTO "schema_migrations" (version) VALUES ('20120715230029')[0m
  [4;35;1mSQL (0.9ms)[0m   [0mINSERT INTO "schema_migrations" (version) VALUES ('20120715230426')[0m
  [4;36;1mSQL (0.8ms)[0m   [0;1mINSERT INTO "schema_migrations" (version) VALUES ('20120715232200')[0m
  [4;35;1mSQL (0.9ms)[0m   [0mINSERT INTO "schema_migrations" (version) VALUES ('20120715232330')[0m
  [4;36;1mSQL (0.9ms)[0m   [0;1mINSERT INTO "schema_migrations" (version) VALUES ('20120715233053')[0m
  [4;35;1mSQL (0.7ms)[0m   [0mINSERT INTO "schema_migrations" (version) VALUES ('20120819210031')[0m
  [4;36;1mSQL (0.9ms)[0m   [0;1mINSERT INTO "schema_migrations" (version) VALUES ('20120819213206')[0m
  [4;36;1mSQL (0.5ms)[0m   [0;1m SELECT name
 FROM sqlite_master
 WHERE type = 'table' AND NOT name = 'sqlite_sequence'
[0m
  [4;35;1mSQL (0.1ms)[0m   [0mSELECT version FROM schema_migrations[0m
  [4;36;1mSQL (0.2ms)[0m   [0;1mselect sqlite_version(*)[0m
  [4;35;1mSQL (0.1ms)[0m   [0m SELECT name
 FROM sqlite_master
 WHERE type = 'table' AND NOT name = 'sqlite_sequence'
[0m
  [4;36;1mSQL (3.6ms)[0m   [0;1mCREATE TABLE "chapters" ("id" INTEGER PRIMARY KEY AUTOINCREMENT NOT NULL, "created_at" datetime, "updated_at" datetime, "comic_id" integer) [0m
  [4;35;1mSQL (0.2ms)[0m   [0m SELECT name
 FROM sqlite_master
 WHERE type = 'table' AND NOT name = 'sqlite_sequence'
[0m
  [4;36;1mSQL (1.4ms)[0m   [0;1mCREATE TABLE "comics" ("id" INTEGER PRIMARY KEY AUTOINCREMENT NOT NULL, "created_at" datetime, "updated_at" datetime, "title" varchar(255)) [0m
  [4;35;1mSQL (0.1ms)[0m   [0m SELECT name
 FROM sqlite_master
 WHERE type = 'table' AND NOT name = 'sqlite_sequence'
[0m
  [4;36;1mSQL (0.8ms)[0m   [0;1mCREATE TABLE "pages" ("id" INTEGER PRIMARY KEY AUTOINCREMENT NOT NULL, "created_at" datetime, "updated_at" datetime, "chapter_id" integer, "comic_strip_file_name" varchar(255), "comic_strip_content_type" varchar(255), "comic_strip_file_size" integer, "comic_strip_updated_at" datetime, "page_number" integer) [0m
  [4;35;1mSQL (0.5ms)[0m   [0m SELECT name
 FROM sqlite_master
 WHERE type = 'table' AND NOT name = 'sqlite_sequence'
[0m
  [4;36;1mSQL (1.4ms)[0m   [0;1mCREATE TABLE "posts" ("id" INTEGER PRIMARY KEY AUTOINCREMENT NOT NULL, "created_at" datetime, "updated_at" datetime, "page_id" integer) [0m
  [4;35;1mSQL (0.2ms)[0m   [0m SELECT name
 FROM sqlite_master
 WHERE type = 'table' AND NOT name = 'sqlite_sequence'
[0m
  [4;36;1mSQL (1.2ms)[0m   [0;1mCREATE TABLE "schema_migrations" ("version" varchar(255) NOT NULL) [0m
  [4;35;1mSQL (0.0ms)[0m   [0mPRAGMA index_list("schema_migrations")[0m
  [4;36;1mSQL (1.0ms)[0m   [0;1mCREATE UNIQUE INDEX "unique_schema_migrations" ON "schema_migrations" ("version")[0m
  [4;35;1mSQL (0.1ms)[0m   [0m SELECT name
 FROM sqlite_master
 WHERE type = 'table' AND NOT name = 'sqlite_sequence'
[0m
  [4;36;1mSQL (0.1ms)[0m   [0;1mSELECT version FROM "schema_migrations"[0m
  [4;35;1mSQL (1.2ms)[0m   [0mINSERT INTO "schema_migrations" (version) VALUES ('20120819214546')[0m
  [4;36;1mSQL (0.9ms)[0m   [0;1mINSERT INTO "schema_migrations" (version) VALUES ('20120715225800')[0m
  [4;35;1mSQL (0.7ms)[0m   [0mINSERT INTO "schema_migrations" (version) VALUES ('20120715225952')[0m
  [4;36;1mSQL (0.9ms)[0m   [0;1mINSERT INTO "schema_migrations" (version) VALUES ('20120715230029')[0m
  [4;35;1mSQL (0.8ms)[0m   [0mINSERT INTO "schema_migrations" (version) VALUES ('20120715230426')[0m
  [4;36;1mSQL (0.8ms)[0m   [0;1mINSERT INTO "schema_migrations" (version) VALUES ('20120715232200')[0m
  [4;35;1mSQL (1.2ms)[0m   [0mINSERT INTO "schema_migrations" (version) VALUES ('20120715232330')[0m
  [4;36;1mSQL (0.9ms)[0m   [0;1mINSERT INTO "schema_migrations" (version) VALUES ('20120715233053')[0m
  [4;35;1mSQL (1.1ms)[0m   [0mINSERT INTO "schema_migrations" (version) VALUES ('20120819210031')[0m
  [4;36;1mSQL (0.9ms)[0m   [0;1mINSERT INTO "schema_migrations" (version) VALUES ('20120819213206')[0m
  [4;36;1mSQL (0.5ms)[0m   [0;1m SELECT name
 FROM sqlite_master
 WHERE type = 'table' AND NOT name = 'sqlite_sequence'
[0m
  [4;35;1mSQL (0.1ms)[0m   [0mSELECT version FROM schema_migrations[0m
  [4;36;1mSQL (0.2ms)[0m   [0;1mselect sqlite_version(*)[0m
  [4;35;1mSQL (0.1ms)[0m   [0m SELECT name
 FROM sqlite_master
 WHERE type = 'table' AND NOT name = 'sqlite_sequence'
[0m
  [4;36;1mSQL (3.7ms)[0m   [0;1mCREATE TABLE "chapters" ("id" INTEGER PRIMARY KEY AUTOINCREMENT NOT NULL, "created_at" datetime, "updated_at" datetime, "comic_id" integer) [0m
  [4;35;1mSQL (0.1ms)[0m   [0m SELECT name
 FROM sqlite_master
 WHERE type = 'table' AND NOT name = 'sqlite_sequence'
[0m
  [4;36;1mSQL (1.5ms)[0m   [0;1mCREATE TABLE "comics" ("id" INTEGER PRIMARY KEY AUTOINCREMENT NOT NULL, "created_at" datetime, "updated_at" datetime, "title" varchar(255)) [0m
  [4;35;1mSQL (0.1ms)[0m   [0m SELECT name
 FROM sqlite_master
 WHERE type = 'table' AND NOT name = 'sqlite_sequence'
[0m
  [4;36;1mSQL (0.9ms)[0m   [0;1mCREATE TABLE "pages" ("id" INTEGER PRIMARY KEY AUTOINCREMENT NOT NULL, "created_at" datetime, "updated_at" datetime, "chapter_id" integer, "comic_strip_file_name" varchar(255), "comic_strip_content_type" varchar(255), "comic_strip_file_size" integer, "comic_strip_updated_at" datetime, "page_number" integer) [0m
  [4;35;1mSQL (0.2ms)[0m   [0m SELECT name
 FROM sqlite_master
 WHERE type = 'table' AND NOT name = 'sqlite_sequence'
[0m
  [4;36;1mSQL (1.0ms)[0m   [0;1mCREATE TABLE "posts" ("id" INTEGER PRIMARY KEY AUTOINCREMENT NOT NULL, "created_at" datetime, "updated_at" datetime, "page_id" integer) [0m
  [4;35;1mSQL (0.1ms)[0m   [0m SELECT name
 FROM sqlite_master
 WHERE type = 'table' AND NOT name = 'sqlite_sequence'
[0m
  [4;36;1mSQL (1.5ms)[0m   [0;1mCREATE TABLE "schema_migrations" ("version" varchar(255) NOT NULL) [0m
  [4;35;1mSQL (0.0ms)[0m   [0mPRAGMA index_list("schema_migrations")[0m
  [4;36;1mSQL (1.4ms)[0m   [0;1mCREATE UNIQUE INDEX "unique_schema_migrations" ON "schema_migrations" ("version")[0m
  [4;35;1mSQL (0.1ms)[0m   [0m SELECT name
 FROM sqlite_master
 WHERE type = 'table' AND NOT name = 'sqlite_sequence'
[0m
  [4;36;1mSQL (0.1ms)[0m   [0;1mSELECT version FROM "schema_migrations"[0m
  [4;35;1mSQL (1.4ms)[0m   [0mINSERT INTO "schema_migrations" (version) VALUES ('20120819214546')[0m
  [4;36;1mSQL (1.4ms)[0m   [0;1mINSERT INTO "schema_migrations" (version) VALUES ('20120715225800')[0m
  [4;35;1mSQL (0.6ms)[0m   [0mINSERT INTO "schema_migrations" (version) VALUES ('20120715225952')[0m
  [4;36;1mSQL (0.9ms)[0m   [0;1mINSERT INTO "schema_migrations" (version) VALUES ('20120715230029')[0m
  [4;35;1mSQL (0.9ms)[0m   [0mINSERT INTO "schema_migrations" (version) VALUES ('20120715230426')[0m
  [4;36;1mSQL (0.9ms)[0m   [0;1mINSERT INTO "schema_migrations" (version) VALUES ('20120715232200')[0m
  [4;35;1mSQL (0.8ms)[0m   [0mINSERT INTO "schema_migrations" (version) VALUES ('20120715232330')[0m
  [4;36;1mSQL (1.5ms)[0m   [0;1mINSERT INTO "schema_migrations" (version) VALUES ('20120715233053')[0m
  [4;35;1mSQL (1.1ms)[0m   [0mINSERT INTO "schema_migrations" (version) VALUES ('20120819210031')[0m
  [4;36;1mSQL (0.6ms)[0m   [0;1mINSERT INTO "schema_migrations" (version) VALUES ('20120819213206')[0m
  [4;36;1mSQL (0.4ms)[0m   [0;1m SELECT name
 FROM sqlite_master
 WHERE type = 'table' AND NOT name = 'sqlite_sequence'
[0m
  [4;35;1mSQL (0.8ms)[0m   [0mSELECT version FROM schema_migrations[0m
  [4;36;1mSQL (0.1ms)[0m   [0;1mselect sqlite_version(*)[0m
  [4;35;1mSQL (0.2ms)[0m   [0m SELECT name
 FROM sqlite_master
 WHERE type = 'table' AND NOT name = 'sqlite_sequence'
[0m
  [4;36;1mSQL (1.3ms)[0m   [0;1mCREATE TABLE "chapters" ("id" INTEGER PRIMARY KEY AUTOINCREMENT NOT NULL, "created_at" datetime, "updated_at" datetime, "comic_id" integer) [0m
  [4;35;1mSQL (0.1ms)[0m   [0m SELECT name
 FROM sqlite_master
 WHERE type = 'table' AND NOT name = 'sqlite_sequence'
[0m
  [4;36;1mSQL (1.3ms)[0m   [0;1mCREATE TABLE "comics" ("id" INTEGER PRIMARY KEY AUTOINCREMENT NOT NULL, "created_at" datetime, "updated_at" datetime, "title" varchar(255)) [0m
  [4;35;1mSQL (0.1ms)[0m   [0m SELECT name
 FROM sqlite_master
 WHERE type = 'table' AND NOT name = 'sqlite_sequence'
[0m
  [4;36;1mSQL (0.8ms)[0m   [0;1mCREATE TABLE "pages" ("id" INTEGER PRIMARY KEY AUTOINCREMENT NOT NULL, "created_at" datetime, "updated_at" datetime, "chapter_id" integer, "comic_strip_file_name" varchar(255), "comic_strip_content_type" varchar(255), "comic_strip_file_size" integer, "comic_strip_updated_at" datetime, "page_number" integer) [0m
  [4;35;1mSQL (0.2ms)[0m   [0m SELECT name
 FROM sqlite_master
 WHERE type = 'table' AND NOT name = 'sqlite_sequence'
[0m
  [4;36;1mSQL (1.3ms)[0m   [0;1mCREATE TABLE "posts" ("id" INTEGER PRIMARY KEY AUTOINCREMENT NOT NULL, "created_at" datetime, "updated_at" datetime, "page_id" integer) [0m
  [4;35;1mSQL (0.2ms)[0m   [0m SELECT name
 FROM sqlite_master
 WHERE type = 'table' AND NOT name = 'sqlite_sequence'
[0m
  [4;36;1mSQL (1.4ms)[0m   [0;1mCREATE TABLE "schema_migrations" ("version" varchar(255) NOT NULL) [0m
  [4;35;1mSQL (0.0ms)[0m   [0mPRAGMA index_list("schema_migrations")[0m
  [4;36;1mSQL (1.2ms)[0m   [0;1mCREATE UNIQUE INDEX "unique_schema_migrations" ON "schema_migrations" ("version")[0m
  [4;35;1mSQL (0.1ms)[0m   [0m SELECT name
 FROM sqlite_master
 WHERE type = 'table' AND NOT name = 'sqlite_sequence'
[0m
  [4;36;1mSQL (0.1ms)[0m   [0;1mSELECT version FROM "schema_migrations"[0m
  [4;35;1mSQL (1.3ms)[0m   [0mINSERT INTO "schema_migrations" (version) VALUES ('20120819214546')[0m
  [4;36;1mSQL (1.0ms)[0m   [0;1mINSERT INTO "schema_migrations" (version) VALUES ('20120715225800')[0m
  [4;35;1mSQL (0.8ms)[0m   [0mINSERT INTO "schema_migrations" (version) VALUES ('20120715225952')[0m
  [4;36;1mSQL (0.8ms)[0m   [0;1mINSERT INTO "schema_migrations" (version) VALUES ('20120715230029')[0m
  [4;35;1mSQL (1.1ms)[0m   [0mINSERT INTO "schema_migrations" (version) VALUES ('20120715230426')[0m
  [4;36;1mSQL (1.2ms)[0m   [0;1mINSERT INTO "schema_migrations" (version) VALUES ('20120715232200')[0m
  [4;35;1mSQL (1.1ms)[0m   [0mINSERT INTO "schema_migrations" (version) VALUES ('20120715232330')[0m
  [4;36;1mSQL (1.1ms)[0m   [0;1mINSERT INTO "schema_migrations" (version) VALUES ('20120715233053')[0m
  [4;35;1mSQL (0.9ms)[0m   [0mINSERT INTO "schema_migrations" (version) VALUES ('20120819210031')[0m
  [4;36;1mSQL (0.7ms)[0m   [0;1mINSERT INTO "schema_migrations" (version) VALUES ('20120819213206')[0m
  [4;36;1mSQL (0.4ms)[0m   [0;1m SELECT name
 FROM sqlite_master
 WHERE type = 'table' AND NOT name = 'sqlite_sequence'
[0m
  [4;35;1mSQL (0.2ms)[0m   [0mSELECT version FROM schema_migrations[0m
  [4;36;1mSQL (0.1ms)[0m   [0;1mselect sqlite_version(*)[0m
  [4;35;1mSQL (0.2ms)[0m   [0m SELECT name
 FROM sqlite_master
 WHERE type = 'table' AND NOT name = 'sqlite_sequence'
[0m
  [4;36;1mSQL (4.0ms)[0m   [0;1mCREATE TABLE "chapters" ("id" INTEGER PRIMARY KEY AUTOINCREMENT NOT NULL, "created_at" datetime, "updated_at" datetime, "comic_id" integer) [0m
  [4;35;1mSQL (0.3ms)[0m   [0m SELECT name
 FROM sqlite_master
 WHERE type = 'table' AND NOT name = 'sqlite_sequence'
[0m
  [4;36;1mSQL (1.0ms)[0m   [0;1mCREATE TABLE "comics" ("id" INTEGER PRIMARY KEY AUTOINCREMENT NOT NULL, "created_at" datetime, "updated_at" datetime, "title" varchar(255)) [0m
  [4;35;1mSQL (0.1ms)[0m   [0m SELECT name
 FROM sqlite_master
 WHERE type = 'table' AND NOT name = 'sqlite_sequence'
[0m
  [4;36;1mSQL (1.3ms)[0m   [0;1mCREATE TABLE "pages" ("id" INTEGER PRIMARY KEY AUTOINCREMENT NOT NULL, "created_at" datetime, "updated_at" datetime, "chapter_id" integer, "comic_strip_file_name" varchar(255), "comic_strip_content_type" varchar(255), "comic_strip_file_size" integer, "comic_strip_updated_at" datetime, "page_number" integer) [0m
  [4;35;1mSQL (0.1ms)[0m   [0m SELECT name
 FROM sqlite_master
 WHERE type = 'table' AND NOT name = 'sqlite_sequence'
[0m
  [4;36;1mSQL (1.4ms)[0m   [0;1mCREATE TABLE "posts" ("id" INTEGER PRIMARY KEY AUTOINCREMENT NOT NULL, "created_at" datetime, "updated_at" datetime, "page_id" integer) [0m
  [4;35;1mSQL (0.1ms)[0m   [0m SELECT name
 FROM sqlite_master
 WHERE type = 'table' AND NOT name = 'sqlite_sequence'
[0m
  [4;36;1mSQL (1.3ms)[0m   [0;1mCREATE TABLE "schema_migrations" ("version" varchar(255) NOT NULL) [0m
  [4;35;1mSQL (0.0ms)[0m   [0mPRAGMA index_list("schema_migrations")[0m
  [4;36;1mSQL (1.3ms)[0m   [0;1mCREATE UNIQUE INDEX "unique_schema_migrations" ON "schema_migrations" ("version")[0m
  [4;35;1mSQL (0.1ms)[0m   [0m SELECT name
 FROM sqlite_master
 WHERE type = 'table' AND NOT name = 'sqlite_sequence'
[0m
  [4;36;1mSQL (0.1ms)[0m   [0;1mSELECT version FROM "schema_migrations"[0m
  [4;35;1mSQL (0.9ms)[0m   [0mINSERT INTO "schema_migrations" (version) VALUES ('20120819214546')[0m
  [4;36;1mSQL (1.0ms)[0m   [0;1mINSERT INTO "schema_migrations" (version) VALUES ('20120715225800')[0m
  [4;35;1mSQL (1.1ms)[0m   [0mINSERT INTO "schema_migrations" (version) VALUES ('20120715225952')[0m
  [4;36;1mSQL (1.1ms)[0m   [0;1mINSERT INTO "schema_migrations" (version) VALUES ('20120715230029')[0m
  [4;35;1mSQL (1.3ms)[0m   [0mINSERT INTO "schema_migrations" (version) VALUES ('20120715230426')[0m
  [4;36;1mSQL (1.5ms)[0m   [0;1mINSERT INTO "schema_migrations" (version) VALUES ('20120715232200')[0m
  [4;35;1mSQL (0.8ms)[0m   [0mINSERT INTO "schema_migrations" (version) VALUES ('20120715232330')[0m
  [4;36;1mSQL (1.0ms)[0m   [0;1mINSERT INTO "schema_migrations" (version) VALUES ('20120715233053')[0m
  [4;35;1mSQL (0.8ms)[0m   [0mINSERT INTO "schema_migrations" (version) VALUES ('20120819210031')[0m
  [4;36;1mSQL (1.2ms)[0m   [0;1mINSERT INTO "schema_migrations" (version) VALUES ('20120819213206')[0m
  [4;36;1mSQL (0.4ms)[0m   [0;1m SELECT name
 FROM sqlite_master
 WHERE type = 'table' AND NOT name = 'sqlite_sequence'
[0m
  [4;35;1mSQL (0.2ms)[0m   [0mSELECT version FROM schema_migrations[0m
  [4;36;1mSQL (0.1ms)[0m   [0;1mselect sqlite_version(*)[0m
  [4;35;1mSQL (0.2ms)[0m   [0m SELECT name
 FROM sqlite_master
 WHERE type = 'table' AND NOT name = 'sqlite_sequence'
[0m
  [4;36;1mSQL (3.4ms)[0m   [0;1mCREATE TABLE "chapters" ("id" INTEGER PRIMARY KEY AUTOINCREMENT NOT NULL, "created_at" datetime, "updated_at" datetime, "comic_id" integer) [0m
  [4;35;1mSQL (0.2ms)[0m   [0m SELECT name
 FROM sqlite_master
 WHERE type = 'table' AND NOT name = 'sqlite_sequence'
[0m
  [4;36;1mSQL (1.2ms)[0m   [0;1mCREATE TABLE "comics" ("id" INTEGER PRIMARY KEY AUTOINCREMENT NOT NULL, "created_at" datetime, "updated_at" datetime, "title" varchar(255)) [0m
  [4;35;1mSQL (0.1ms)[0m   [0m SELECT name
 FROM sqlite_master
 WHERE type = 'table' AND NOT name = 'sqlite_sequence'
[0m
  [4;36;1mSQL (1.4ms)[0m   [0;1mCREATE TABLE "pages" ("id" INTEGER PRIMARY KEY AUTOINCREMENT NOT NULL, "created_at" datetime, "updated_at" datetime, "chapter_id" integer, "comic_strip_file_name" varchar(255), "comic_strip_content_type" varchar(255), "comic_strip_file_size" integer, "comic_strip_updated_at" datetime, "page_number" integer) [0m
  [4;35;1mSQL (0.1ms)[0m   [0m SELECT name
 FROM sqlite_master
 WHERE type = 'table' AND NOT name = 'sqlite_sequence'
[0m
  [4;36;1mSQL (1.3ms)[0m   [0;1mCREATE TABLE "posts" ("id" INTEGER PRIMARY KEY AUTOINCREMENT NOT NULL, "created_at" datetime, "updated_at" datetime, "page_id" integer) [0m
  [4;35;1mSQL (0.1ms)[0m   [0m SELECT name
 FROM sqlite_master
 WHERE type = 'table' AND NOT name = 'sqlite_sequence'
[0m
  [4;36;1mSQL (1.3ms)[0m   [0;1mCREATE TABLE "schema_migrations" ("version" varchar(255) NOT NULL) [0m
  [4;35;1mSQL (0.0ms)[0m   [0mPRAGMA index_list("schema_migrations")[0m
  [4;36;1mSQL (1.1ms)[0m   [0;1mCREATE UNIQUE INDEX "unique_schema_migrations" ON "schema_migrations" ("version")[0m
  [4;35;1mSQL (0.1ms)[0m   [0m SELECT name
 FROM sqlite_master
 WHERE type = 'table' AND NOT name = 'sqlite_sequence'
[0m
  [4;36;1mSQL (0.1ms)[0m   [0;1mSELECT version FROM "schema_migrations"[0m
  [4;35;1mSQL (1.1ms)[0m   [0mINSERT INTO "schema_migrations" (version) VALUES ('20120819214546')[0m
  [4;36;1mSQL (1.2ms)[0m   [0;1mINSERT INTO "schema_migrations" (version) VALUES ('20120715225800')[0m
  [4;35;1mSQL (0.7ms)[0m   [0mINSERT INTO "schema_migrations" (version) VALUES ('20120715225952')[0m
  [4;36;1mSQL (0.9ms)[0m   [0;1mINSERT INTO "schema_migrations" (version) VALUES ('20120715230029')[0m
  [4;35;1mSQL (0.8ms)[0m   [0mINSERT INTO "schema_migrations" (version) VALUES ('20120715230426')[0m
  [4;36;1mSQL (0.8ms)[0m   [0;1mINSERT INTO "schema_migrations" (version) VALUES ('20120715232200')[0m
  [4;35;1mSQL (0.9ms)[0m   [0mINSERT INTO "schema_migrations" (version) VALUES ('20120715232330')[0m
  [4;36;1mSQL (0.8ms)[0m   [0;1mINSERT INTO "schema_migrations" (version) VALUES ('20120715233053')[0m
  [4;35;1mSQL (0.7ms)[0m   [0mINSERT INTO "schema_migrations" (version) VALUES ('20120819210031')[0m
  [4;36;1mSQL (0.9ms)[0m   [0;1mINSERT INTO "schema_migrations" (version) VALUES ('20120819213206')[0m
  [4;36;1mSQL (0.4ms)[0m   [0;1m SELECT name
 FROM sqlite_master
 WHERE type = 'table' AND NOT name = 'sqlite_sequence'
[0m
  [4;35;1mSQL (0.2ms)[0m   [0mSELECT version FROM schema_migrations[0m
  [4;36;1mSQL (0.1ms)[0m   [0;1mselect sqlite_version(*)[0m
  [4;35;1mSQL (0.2ms)[0m   [0m SELECT name
 FROM sqlite_master
 WHERE type = 'table' AND NOT name = 'sqlite_sequence'
[0m
  [4;36;1mSQL (3.9ms)[0m   [0;1mCREATE TABLE "chapters" ("id" INTEGER PRIMARY KEY AUTOINCREMENT NOT NULL, "created_at" datetime, "updated_at" datetime, "comic_id" integer) [0m
  [4;35;1mSQL (0.4ms)[0m   [0m SELECT name
 FROM sqlite_master
 WHERE type = 'table' AND NOT name = 'sqlite_sequence'
[0m
  [4;36;1mSQL (1.1ms)[0m   [0;1mCREATE TABLE "comics" ("id" INTEGER PRIMARY KEY AUTOINCREMENT NOT NULL, "created_at" datetime, "updated_at" datetime, "title" varchar(255)) [0m
  [4;35;1mSQL (0.2ms)[0m   [0m SELECT name
 FROM sqlite_master
 WHERE type = 'table' AND NOT name = 'sqlite_sequence'
[0m
  [4;36;1mSQL (1.5ms)[0m   [0;1mCREATE TABLE "pages" ("id" INTEGER PRIMARY KEY AUTOINCREMENT NOT NULL, "created_at" datetime, "updated_at" datetime, "chapter_id" integer, "comic_strip_file_name" varchar(255), "comic_strip_content_type" varchar(255), "comic_strip_file_size" integer, "comic_strip_updated_at" datetime, "page_number" integer) [0m
  [4;35;1mSQL (0.1ms)[0m   [0m SELECT name
 FROM sqlite_master
 WHERE type = 'table' AND NOT name = 'sqlite_sequence'
[0m
  [4;36;1mSQL (1.4ms)[0m   [0;1mCREATE TABLE "posts" ("id" INTEGER PRIMARY KEY AUTOINCREMENT NOT NULL, "created_at" datetime, "updated_at" datetime, "page_id" integer) [0m
  [4;35;1mSQL (0.1ms)[0m   [0m SELECT name
 FROM sqlite_master
 WHERE type = 'table' AND NOT name = 'sqlite_sequence'
[0m
  [4;36;1mSQL (1.2ms)[0m   [0;1mCREATE TABLE "schema_migrations" ("version" varchar(255) NOT NULL) [0m
  [4;35;1mSQL (0.0ms)[0m   [0mPRAGMA index_list("schema_migrations")[0m
  [4;36;1mSQL (1.2ms)[0m   [0;1mCREATE UNIQUE INDEX "unique_schema_migrations" ON "schema_migrations" ("version")[0m
  [4;35;1mSQL (0.1ms)[0m   [0m SELECT name
 FROM sqlite_master
 WHERE type = 'table' AND NOT name = 'sqlite_sequence'
[0m
  [4;36;1mSQL (0.1ms)[0m   [0;1mSELECT version FROM "schema_migrations"[0m
  [4;35;1mSQL (1.1ms)[0m   [0mINSERT INTO "schema_migrations" (version) VALUES ('20120819214546')[0m
  [4;36;1mSQL (0.9ms)[0m   [0;1mINSERT INTO "schema_migrations" (version) VALUES ('20120715225800')[0m
  [4;35;1mSQL (1.0ms)[0m   [0mINSERT INTO "schema_migrations" (version) VALUES ('20120715225952')[0m
  [4;36;1mSQL (1.1ms)[0m   [0;1mINSERT INTO "schema_migrations" (version) VALUES ('20120715230029')[0m
  [4;35;1mSQL (0.9ms)[0m   [0mINSERT INTO "schema_migrations" (version) VALUES ('20120715230426')[0m
  [4;36;1mSQL (1.1ms)[0m   [0;1mINSERT INTO "schema_migrations" (version) VALUES ('20120715232200')[0m
  [4;35;1mSQL (0.6ms)[0m   [0mINSERT INTO "schema_migrations" (version) VALUES ('20120715232330')[0m
  [4;36;1mSQL (0.8ms)[0m   [0;1mINSERT INTO "schema_migrations" (version) VALUES ('20120715233053')[0m
  [4;35;1mSQL (1.0ms)[0m   [0mINSERT INTO "schema_migrations" (version) VALUES ('20120819210031')[0m
  [4;36;1mSQL (1.2ms)[0m   [0;1mINSERT INTO "schema_migrations" (version) VALUES ('20120819213206')[0m
  [4;36;1mSQL (0.4ms)[0m   [0;1m SELECT name
 FROM sqlite_master
 WHERE type = 'table' AND NOT name = 'sqlite_sequence'
[0m
  [4;35;1mSQL (0.2ms)[0m   [0mSELECT version FROM schema_migrations[0m
  [4;36;1mSQL (0.1ms)[0m   [0;1mselect sqlite_version(*)[0m
  [4;35;1mSQL (0.2ms)[0m   [0m SELECT name
 FROM sqlite_master
 WHERE type = 'table' AND NOT name = 'sqlite_sequence'
[0m
  [4;36;1mSQL (3.4ms)[0m   [0;1mCREATE TABLE "chapters" ("id" INTEGER PRIMARY KEY AUTOINCREMENT NOT NULL, "created_at" datetime, "updated_at" datetime, "comic_id" integer) [0m
  [4;35;1mSQL (0.1ms)[0m   [0m SELECT name
 FROM sqlite_master
 WHERE type = 'table' AND NOT name = 'sqlite_sequence'
[0m
  [4;36;1mSQL (1.5ms)[0m   [0;1mCREATE TABLE "comics" ("id" INTEGER PRIMARY KEY AUTOINCREMENT NOT NULL, "created_at" datetime, "updated_at" datetime, "title" varchar(255)) [0m
  [4;35;1mSQL (0.1ms)[0m   [0m SELECT name
 FROM sqlite_master
 WHERE type = 'table' AND NOT name = 'sqlite_sequence'
[0m
  [4;36;1mSQL (1.4ms)[0m   [0;1mCREATE TABLE "pages" ("id" INTEGER PRIMARY KEY AUTOINCREMENT NOT NULL, "created_at" datetime, "updated_at" datetime, "chapter_id" integer, "comic_strip_file_name" varchar(255), "comic_strip_content_type" varchar(255), "comic_strip_file_size" integer, "comic_strip_updated_at" datetime, "page_number" integer) [0m
  [4;35;1mSQL (0.1ms)[0m   [0m SELECT name
 FROM sqlite_master
 WHERE type = 'table' AND NOT name = 'sqlite_sequence'
[0m
  [4;36;1mSQL (1.3ms)[0m   [0;1mCREATE TABLE "posts" ("id" INTEGER PRIMARY KEY AUTOINCREMENT NOT NULL, "created_at" datetime, "updated_at" datetime, "page_id" integer) [0m
  [4;35;1mSQL (0.1ms)[0m   [0m SELECT name
 FROM sqlite_master
 WHERE type = 'table' AND NOT name = 'sqlite_sequence'
[0m
  [4;36;1mSQL (1.3ms)[0m   [0;1mCREATE TABLE "schema_migrations" ("version" varchar(255) NOT NULL) [0m
  [4;35;1mSQL (0.0ms)[0m   [0mPRAGMA index_list("schema_migrations")[0m
  [4;36;1mSQL (1.2ms)[0m   [0;1mCREATE UNIQUE INDEX "unique_schema_migrations" ON "schema_migrations" ("version")[0m
  [4;35;1mSQL (0.1ms)[0m   [0m SELECT name
 FROM sqlite_master
 WHERE type = 'table' AND NOT name = 'sqlite_sequence'
[0m
  [4;36;1mSQL (0.1ms)[0m   [0;1mSELECT version FROM "schema_migrations"[0m
  [4;35;1mSQL (1.1ms)[0m   [0mINSERT INTO "schema_migrations" (version) VALUES ('20120819214546')[0m
  [4;36;1mSQL (0.9ms)[0m   [0;1mINSERT INTO "schema_migrations" (version) VALUES ('20120715225800')[0m
  [4;35;1mSQL (1.0ms)[0m   [0mINSERT INTO "schema_migrations" (version) VALUES ('20120715225952')[0m
  [4;36;1mSQL (1.4ms)[0m   [0;1mINSERT INTO "schema_migrations" (version) VALUES ('20120715230029')[0m
  [4;35;1mSQL (1.1ms)[0m   [0mINSERT INTO "schema_migrations" (version) VALUES ('20120715230426')[0m
  [4;36;1mSQL (1.3ms)[0m   [0;1mINSERT INTO "schema_migrations" (version) VALUES ('20120715232200')[0m
  [4;35;1mSQL (1.1ms)[0m   [0mINSERT INTO "schema_migrations" (version) VALUES ('20120715232330')[0m
  [4;36;1mSQL (0.6ms)[0m   [0;1mINSERT INTO "schema_migrations" (version) VALUES ('20120715233053')[0m
  [4;35;1mSQL (0.9ms)[0m   [0mINSERT INTO "schema_migrations" (version) VALUES ('20120819210031')[0m
  [4;36;1mSQL (0.9ms)[0m   [0;1mINSERT INTO "schema_migrations" (version) VALUES ('20120819213206')[0m
  [4;36;1mSQL (0.4ms)[0m   [0;1m SELECT name
 FROM sqlite_master
 WHERE type = 'table' AND NOT name = 'sqlite_sequence'
[0m
  [4;35;1mSQL (0.2ms)[0m   [0mSELECT version FROM schema_migrations[0m
  [4;36;1mSQL (0.1ms)[0m   [0;1mselect sqlite_version(*)[0m
  [4;35;1mSQL (0.2ms)[0m   [0m SELECT name
 FROM sqlite_master
 WHERE type = 'table' AND NOT name = 'sqlite_sequence'
[0m
  [4;36;1mSQL (2.7ms)[0m   [0;1mCREATE TABLE "chapters" ("id" INTEGER PRIMARY KEY AUTOINCREMENT NOT NULL, "created_at" datetime, "updated_at" datetime, "comic_id" integer) [0m
  [4;35;1mSQL (0.2ms)[0m   [0m SELECT name
 FROM sqlite_master
 WHERE type = 'table' AND NOT name = 'sqlite_sequence'
[0m
  [4;36;1mSQL (1.2ms)[0m   [0;1mCREATE TABLE "comics" ("id" INTEGER PRIMARY KEY AUTOINCREMENT NOT NULL, "created_at" datetime, "updated_at" datetime, "title" varchar(255)) [0m
  [4;35;1mSQL (0.1ms)[0m   [0m SELECT name
 FROM sqlite_master
 WHERE type = 'table' AND NOT name = 'sqlite_sequence'
[0m
  [4;36;1mSQL (0.8ms)[0m   [0;1mCREATE TABLE "pages" ("id" INTEGER PRIMARY KEY AUTOINCREMENT NOT NULL, "created_at" datetime, "updated_at" datetime, "chapter_id" integer, "comic_strip_file_name" varchar(255), "comic_strip_content_type" varchar(255), "comic_strip_file_size" integer, "comic_strip_updated_at" datetime, "page_number" integer) [0m
  [4;35;1mSQL (0.1ms)[0m   [0m SELECT name
 FROM sqlite_master
 WHERE type = 'table' AND NOT name = 'sqlite_sequence'
[0m
  [4;36;1mSQL (1.1ms)[0m   [0;1mCREATE TABLE "posts" ("id" INTEGER PRIMARY KEY AUTOINCREMENT NOT NULL, "created_at" datetime, "updated_at" datetime, "page_id" integer) [0m
  [4;35;1mSQL (0.1ms)[0m   [0m SELECT name
 FROM sqlite_master
 WHERE type = 'table' AND NOT name = 'sqlite_sequence'
[0m
  [4;36;1mSQL (1.3ms)[0m   [0;1mCREATE TABLE "schema_migrations" ("version" varchar(255) NOT NULL) [0m
  [4;35;1mSQL (0.0ms)[0m   [0mPRAGMA index_list("schema_migrations")[0m
  [4;36;1mSQL (0.9ms)[0m   [0;1mCREATE UNIQUE INDEX "unique_schema_migrations" ON "schema_migrations" ("version")[0m
  [4;35;1mSQL (0.1ms)[0m   [0m SELECT name
 FROM sqlite_master
 WHERE type = 'table' AND NOT name = 'sqlite_sequence'
[0m
  [4;36;1mSQL (0.1ms)[0m   [0;1mSELECT version FROM "schema_migrations"[0m
  [4;35;1mSQL (1.1ms)[0m   [0mINSERT INTO "schema_migrations" (version) VALUES ('20120819214546')[0m
  [4;36;1mSQL (1.2ms)[0m   [0;1mINSERT INTO "schema_migrations" (version) VALUES ('20120715225800')[0m
  [4;35;1mSQL (0.7ms)[0m   [0mINSERT INTO "schema_migrations" (version) VALUES ('20120715225952')[0m
  [4;36;1mSQL (0.9ms)[0m   [0;1mINSERT INTO "schema_migrations" (version) VALUES ('20120715230029')[0m
  [4;35;1mSQL (0.7ms)[0m   [0mINSERT INTO "schema_migrations" (version) VALUES ('20120715230426')[0m
  [4;36;1mSQL (0.9ms)[0m   [0;1mINSERT INTO "schema_migrations" (version) VALUES ('20120715232200')[0m
  [4;35;1mSQL (0.9ms)[0m   [0mINSERT INTO "schema_migrations" (version) VALUES ('20120715232330')[0m
  [4;36;1mSQL (0.9ms)[0m   [0;1mINSERT INTO "schema_migrations" (version) VALUES ('20120715233053')[0m
  [4;35;1mSQL (0.9ms)[0m   [0mINSERT INTO "schema_migrations" (version) VALUES ('20120819210031')[0m
  [4;36;1mSQL (0.9ms)[0m   [0;1mINSERT INTO "schema_migrations" (version) VALUES ('20120819213206')[0m
  [4;36;1mSQL (0.4ms)[0m   [0;1m SELECT name
 FROM sqlite_master
 WHERE type = 'table' AND NOT name = 'sqlite_sequence'
[0m
  [4;35;1mSQL (0.1ms)[0m   [0mSELECT version FROM schema_migrations[0m
  [4;36;1mSQL (0.1ms)[0m   [0;1mselect sqlite_version(*)[0m
  [4;35;1mSQL (0.2ms)[0m   [0m SELECT name
 FROM sqlite_master
 WHERE type = 'table' AND NOT name = 'sqlite_sequence'
[0m
  [4;36;1mSQL (3.7ms)[0m   [0;1mCREATE TABLE "chapters" ("id" INTEGER PRIMARY KEY AUTOINCREMENT NOT NULL, "created_at" datetime, "updated_at" datetime, "comic_id" integer) [0m
  [4;35;1mSQL (0.2ms)[0m   [0m SELECT name
 FROM sqlite_master
 WHERE type = 'table' AND NOT name = 'sqlite_sequence'
[0m
  [4;36;1mSQL (1.5ms)[0m   [0;1mCREATE TABLE "comics" ("id" INTEGER PRIMARY KEY AUTOINCREMENT NOT NULL, "created_at" datetime, "updated_at" datetime, "title" varchar(255)) [0m
  [4;35;1mSQL (0.1ms)[0m   [0m SELECT name
 FROM sqlite_master
 WHERE type = 'table' AND NOT name = 'sqlite_sequence'
[0m
  [4;36;1mSQL (1.4ms)[0m   [0;1mCREATE TABLE "pages" ("id" INTEGER PRIMARY KEY AUTOINCREMENT NOT NULL, "created_at" datetime, "updated_at" datetime, "chapter_id" integer, "comic_strip_file_name" varchar(255), "comic_strip_content_type" varchar(255), "comic_strip_file_size" integer, "comic_strip_updated_at" datetime, "page_number" integer) [0m
  [4;35;1mSQL (0.1ms)[0m   [0m SELECT name
 FROM sqlite_master
 WHERE type = 'table' AND NOT name = 'sqlite_sequence'
[0m
  [4;36;1mSQL (1.6ms)[0m   [0;1mCREATE TABLE "posts" ("id" INTEGER PRIMARY KEY AUTOINCREMENT NOT NULL, "created_at" datetime, "updated_at" datetime, "page_id" integer) [0m
  [4;35;1mSQL (0.1ms)[0m   [0m SELECT name
 FROM sqlite_master
 WHERE type = 'table' AND NOT name = 'sqlite_sequence'
[0m
  [4;36;1mSQL (1.5ms)[0m   [0;1mCREATE TABLE "schema_migrations" ("version" varchar(255) NOT NULL) [0m
  [4;35;1mSQL (0.0ms)[0m   [0mPRAGMA index_list("schema_migrations")[0m
  [4;36;1mSQL (1.6ms)[0m   [0;1mCREATE UNIQUE INDEX "unique_schema_migrations" ON "schema_migrations" ("version")[0m
  [4;35;1mSQL (0.1ms)[0m   [0m SELECT name
 FROM sqlite_master
 WHERE type = 'table' AND NOT name = 'sqlite_sequence'
[0m
  [4;36;1mSQL (0.1ms)[0m   [0;1mSELECT version FROM "schema_migrations"[0m
  [4;35;1mSQL (1.6ms)[0m   [0mINSERT INTO "schema_migrations" (version) VALUES ('20120819214546')[0m
  [4;36;1mSQL (1.0ms)[0m   [0;1mINSERT INTO "schema_migrations" (version) VALUES ('20120715225800')[0m
  [4;35;1mSQL (1.1ms)[0m   [0mINSERT INTO "schema_migrations" (version) VALUES ('20120715225952')[0m
  [4;36;1mSQL (1.2ms)[0m   [0;1mINSERT INTO "schema_migrations" (version) VALUES ('20120715230029')[0m
  [4;35;1mSQL (1.2ms)[0m   [0mINSERT INTO "schema_migrations" (version) VALUES ('20120715230426')[0m
  [4;36;1mSQL (0.9ms)[0m   [0;1mINSERT INTO "schema_migrations" (version) VALUES ('20120715232200')[0m
  [4;35;1mSQL (0.9ms)[0m   [0mINSERT INTO "schema_migrations" (version) VALUES ('20120715232330')[0m
  [4;36;1mSQL (0.7ms)[0m   [0;1mINSERT INTO "schema_migrations" (version) VALUES ('20120715233053')[0m
  [4;35;1mSQL (0.9ms)[0m   [0mINSERT INTO "schema_migrations" (version) VALUES ('20120819210031')[0m
  [4;36;1mSQL (1.0ms)[0m   [0;1mINSERT INTO "schema_migrations" (version) VALUES ('20120819213206')[0m
  [4;36;1mSQL (0.4ms)[0m   [0;1m SELECT name
 FROM sqlite_master
 WHERE type = 'table' AND NOT name = 'sqlite_sequence'
[0m
  [4;35;1mSQL (0.2ms)[0m   [0mSELECT version FROM schema_migrations[0m
  [4;36;1mSQL (0.1ms)[0m   [0;1mselect sqlite_version(*)[0m
  [4;35;1mSQL (0.2ms)[0m   [0m SELECT name
 FROM sqlite_master
 WHERE type = 'table' AND NOT name = 'sqlite_sequence'
[0m
  [4;36;1mSQL (3.7ms)[0m   [0;1mCREATE TABLE "chapters" ("id" INTEGER PRIMARY KEY AUTOINCREMENT NOT NULL, "created_at" datetime, "updated_at" datetime, "comic_id" integer) [0m
  [4;35;1mSQL (0.2ms)[0m   [0m SELECT name
 FROM sqlite_master
 WHERE type = 'table' AND NOT name = 'sqlite_sequence'
[0m
  [4;36;1mSQL (1.4ms)[0m   [0;1mCREATE TABLE "comics" ("id" INTEGER PRIMARY KEY AUTOINCREMENT NOT NULL, "created_at" datetime, "updated_at" datetime, "title" varchar(255)) [0m
  [4;35;1mSQL (0.1ms)[0m   [0m SELECT name
 FROM sqlite_master
 WHERE type = 'table' AND NOT name = 'sqlite_sequence'
[0m
  [4;36;1mSQL (1.4ms)[0m   [0;1mCREATE TABLE "pages" ("id" INTEGER PRIMARY KEY AUTOINCREMENT NOT NULL, "created_at" datetime, "updated_at" datetime, "chapter_id" integer, "comic_strip_file_name" varchar(255), "comic_strip_content_type" varchar(255), "comic_strip_file_size" integer, "comic_strip_updated_at" datetime, "page_number" integer) [0m
  [4;35;1mSQL (0.1ms)[0m   [0m SELECT name
 FROM sqlite_master
 WHERE type = 'table' AND NOT name = 'sqlite_sequence'
[0m
  [4;36;1mSQL (1.4ms)[0m   [0;1mCREATE TABLE "posts" ("id" INTEGER PRIMARY KEY AUTOINCREMENT NOT NULL, "created_at" datetime, "updated_at" datetime, "page_id" integer) [0m
  [4;35;1mSQL (0.1ms)[0m   [0m SELECT name
 FROM sqlite_master
 WHERE type = 'table' AND NOT name = 'sqlite_sequence'
[0m
  [4;36;1mSQL (1.3ms)[0m   [0;1mCREATE TABLE "schema_migrations" ("version" varchar(255) NOT NULL) [0m
  [4;35;1mSQL (0.0ms)[0m   [0mPRAGMA index_list("schema_migrations")[0m
  [4;36;1mSQL (1.2ms)[0m   [0;1mCREATE UNIQUE INDEX "unique_schema_migrations" ON "schema_migrations" ("version")[0m
  [4;35;1mSQL (0.1ms)[0m   [0m SELECT name
 FROM sqlite_master
 WHERE type = 'table' AND NOT name = 'sqlite_sequence'
[0m
  [4;36;1mSQL (0.1ms)[0m   [0;1mSELECT version FROM "schema_migrations"[0m
  [4;35;1mSQL (1.3ms)[0m   [0mINSERT INTO "schema_migrations" (version) VALUES ('20120819214546')[0m
  [4;36;1mSQL (0.8ms)[0m   [0;1mINSERT INTO "schema_migrations" (version) VALUES ('20120715225800')[0m
  [4;35;1mSQL (1.2ms)[0m   [0mINSERT INTO "schema_migrations" (version) VALUES ('20120715225952')[0m
  [4;36;1mSQL (1.1ms)[0m   [0;1mINSERT INTO "schema_migrations" (version) VALUES ('20120715230029')[0m
  [4;35;1mSQL (1.4ms)[0m   [0mINSERT INTO "schema_migrations" (version) VALUES ('20120715230426')[0m
  [4;36;1mSQL (1.1ms)[0m   [0;1mINSERT INTO "schema_migrations" (version) VALUES ('20120715232200')[0m
  [4;35;1mSQL (1.2ms)[0m   [0mINSERT INTO "schema_migrations" (version) VALUES ('20120715232330')[0m
  [4;36;1mSQL (0.7ms)[0m   [0;1mINSERT INTO "schema_migrations" (version) VALUES ('20120715233053')[0m
  [4;35;1mSQL (1.3ms)[0m   [0mINSERT INTO "schema_migrations" (version) VALUES ('20120819210031')[0m
  [4;36;1mSQL (1.3ms)[0m   [0;1mINSERT INTO "schema_migrations" (version) VALUES ('20120819213206')[0m
  [4;36;1mSQL (0.4ms)[0m   [0;1m SELECT name
 FROM sqlite_master
 WHERE type = 'table' AND NOT name = 'sqlite_sequence'
[0m
  [4;35;1mSQL (0.2ms)[0m   [0mSELECT version FROM schema_migrations[0m
  [4;36;1mSQL (0.1ms)[0m   [0;1mselect sqlite_version(*)[0m
  [4;35;1mSQL (0.2ms)[0m   [0m SELECT name
 FROM sqlite_master
 WHERE type = 'table' AND NOT name = 'sqlite_sequence'
[0m
  [4;36;1mSQL (3.7ms)[0m   [0;1mCREATE TABLE "chapters" ("id" INTEGER PRIMARY KEY AUTOINCREMENT NOT NULL, "created_at" datetime, "updated_at" datetime, "comic_id" integer) [0m
  [4;35;1mSQL (0.2ms)[0m   [0m SELECT name
 FROM sqlite_master
 WHERE type = 'table' AND NOT name = 'sqlite_sequence'
[0m
  [4;36;1mSQL (1.1ms)[0m   [0;1mCREATE TABLE "comics" ("id" INTEGER PRIMARY KEY AUTOINCREMENT NOT NULL, "created_at" datetime, "updated_at" datetime, "title" varchar(255)) [0m
  [4;35;1mSQL (0.2ms)[0m   [0m SELECT name
 FROM sqlite_master
 WHERE type = 'table' AND NOT name = 'sqlite_sequence'
[0m
  [4;36;1mSQL (1.3ms)[0m   [0;1mCREATE TABLE "pages" ("id" INTEGER PRIMARY KEY AUTOINCREMENT NOT NULL, "created_at" datetime, "updated_at" datetime, "chapter_id" integer, "comic_strip_file_name" varchar(255), "comic_strip_content_type" varchar(255), "comic_strip_file_size" integer, "comic_strip_updated_at" datetime, "page_number" integer) [0m
  [4;35;1mSQL (0.1ms)[0m   [0m SELECT name
 FROM sqlite_master
 WHERE type = 'table' AND NOT name = 'sqlite_sequence'
[0m
  [4;36;1mSQL (1.4ms)[0m   [0;1mCREATE TABLE "posts" ("id" INTEGER PRIMARY KEY AUTOINCREMENT NOT NULL, "created_at" datetime, "updated_at" datetime, "page_id" integer) [0m
  [4;35;1mSQL (0.1ms)[0m   [0m SELECT name
 FROM sqlite_master
 WHERE type = 'table' AND NOT name = 'sqlite_sequence'
[0m
  [4;36;1mSQL (1.3ms)[0m   [0;1mCREATE TABLE "schema_migrations" ("version" varchar(255) NOT NULL) [0m
  [4;35;1mSQL (0.0ms)[0m   [0mPRAGMA index_list("schema_migrations")[0m
  [4;36;1mSQL (1.2ms)[0m   [0;1mCREATE UNIQUE INDEX "unique_schema_migrations" ON "schema_migrations" ("version")[0m
  [4;35;1mSQL (0.1ms)[0m   [0m SELECT name
 FROM sqlite_master
 WHERE type = 'table' AND NOT name = 'sqlite_sequence'
[0m
  [4;36;1mSQL (0.1ms)[0m   [0;1mSELECT version FROM "schema_migrations"[0m
  [4;35;1mSQL (1.3ms)[0m   [0mINSERT INTO "schema_migrations" (version) VALUES ('20120819214546')[0m
  [4;36;1mSQL (1.2ms)[0m   [0;1mINSERT INTO "schema_migrations" (version) VALUES ('20120715225800')[0m
  [4;35;1mSQL (0.8ms)[0m   [0mINSERT INTO "schema_migrations" (version) VALUES ('20120715225952')[0m
  [4;36;1mSQL (0.9ms)[0m   [0;1mINSERT INTO "schema_migrations" (version) VALUES ('20120715230029')[0m
  [4;35;1mSQL (0.8ms)[0m   [0mINSERT INTO "schema_migrations" (version) VALUES ('20120715230426')[0m
  [4;36;1mSQL (0.9ms)[0m   [0;1mINSERT INTO "schema_migrations" (version) VALUES ('20120715232200')[0m
  [4;35;1mSQL (0.8ms)[0m   [0mINSERT INTO "schema_migrations" (version) VALUES ('20120715232330')[0m
  [4;36;1mSQL (0.9ms)[0m   [0;1mINSERT INTO "schema_migrations" (version) VALUES ('20120715233053')[0m
  [4;35;1mSQL (1.0ms)[0m   [0mINSERT INTO "schema_migrations" (version) VALUES ('20120819210031')[0m
  [4;36;1mSQL (0.7ms)[0m   [0;1mINSERT INTO "schema_migrations" (version) VALUES ('20120819213206')[0m
  [4;36;1mSQL (0.4ms)[0m   [0;1m SELECT name
 FROM sqlite_master
 WHERE type = 'table' AND NOT name = 'sqlite_sequence'
[0m
  [4;35;1mSQL (0.2ms)[0m   [0mSELECT version FROM schema_migrations[0m
  [4;36;1mSQL (0.1ms)[0m   [0;1mselect sqlite_version(*)[0m
  [4;35;1mSQL (0.2ms)[0m   [0m SELECT name
 FROM sqlite_master
 WHERE type = 'table' AND NOT name = 'sqlite_sequence'
[0m
  [4;36;1mSQL (3.9ms)[0m   [0;1mCREATE TABLE "chapters" ("id" INTEGER PRIMARY KEY AUTOINCREMENT NOT NULL, "created_at" datetime, "updated_at" datetime, "comic_id" integer) [0m
  [4;35;1mSQL (0.3ms)[0m   [0m SELECT name
 FROM sqlite_master
 WHERE type = 'table' AND NOT name = 'sqlite_sequence'
[0m
  [4;36;1mSQL (1.1ms)[0m   [0;1mCREATE TABLE "comics" ("id" INTEGER PRIMARY KEY AUTOINCREMENT NOT NULL, "created_at" datetime, "updated_at" datetime, "title" varchar(255)) [0m
  [4;35;1mSQL (0.1ms)[0m   [0m SELECT name
 FROM sqlite_master
 WHERE type = 'table' AND NOT name = 'sqlite_sequence'
[0m
  [4;36;1mSQL (1.5ms)[0m   [0;1mCREATE TABLE "pages" ("id" INTEGER PRIMARY KEY AUTOINCREMENT NOT NULL, "created_at" datetime, "updated_at" datetime, "chapter_id" integer, "comic_strip_file_name" varchar(255), "comic_strip_content_type" varchar(255), "comic_strip_file_size" integer, "comic_strip_updated_at" datetime, "page_number" integer) [0m
  [4;35;1mSQL (0.1ms)[0m   [0m SELECT name
 FROM sqlite_master
 WHERE type = 'table' AND NOT name = 'sqlite_sequence'
[0m
  [4;36;1mSQL (1.4ms)[0m   [0;1mCREATE TABLE "posts" ("id" INTEGER PRIMARY KEY AUTOINCREMENT NOT NULL, "created_at" datetime, "updated_at" datetime, "page_id" integer) [0m
  [4;35;1mSQL (0.2ms)[0m   [0m SELECT name
 FROM sqlite_master
 WHERE type = 'table' AND NOT name = 'sqlite_sequence'
[0m
  [4;36;1mSQL (1.7ms)[0m   [0;1mCREATE TABLE "schema_migrations" ("version" varchar(255) NOT NULL) [0m
  [4;35;1mSQL (0.0ms)[0m   [0mPRAGMA index_list("schema_migrations")[0m
  [4;36;1mSQL (1.5ms)[0m   [0;1mCREATE UNIQUE INDEX "unique_schema_migrations" ON "schema_migrations" ("version")[0m
  [4;35;1mSQL (0.2ms)[0m   [0m SELECT name
 FROM sqlite_master
 WHERE type = 'table' AND NOT name = 'sqlite_sequence'
[0m
  [4;36;1mSQL (0.1ms)[0m   [0;1mSELECT version FROM "schema_migrations"[0m
  [4;35;1mSQL (1.0ms)[0m   [0mINSERT INTO "schema_migrations" (version) VALUES ('20120819214546')[0m
  [4;36;1mSQL (1.1ms)[0m   [0;1mINSERT INTO "schema_migrations" (version) VALUES ('20120715225800')[0m
  [4;35;1mSQL (1.1ms)[0m   [0mINSERT INTO "schema_migrations" (version) VALUES ('20120715225952')[0m
  [4;36;1mSQL (0.9ms)[0m   [0;1mINSERT INTO "schema_migrations" (version) VALUES ('20120715230029')[0m
  [4;35;1mSQL (0.9ms)[0m   [0mINSERT INTO "schema_migrations" (version) VALUES ('20120715230426')[0m
  [4;36;1mSQL (0.7ms)[0m   [0;1mINSERT INTO "schema_migrations" (version) VALUES ('20120715232200')[0m
  [4;35;1mSQL (1.4ms)[0m   [0mINSERT INTO "schema_migrations" (version) VALUES ('20120715232330')[0m
  [4;36;1mSQL (1.2ms)[0m   [0;1mINSERT INTO "schema_migrations" (version) VALUES ('20120715233053')[0m
  [4;35;1mSQL (1.1ms)[0m   [0mINSERT INTO "schema_migrations" (version) VALUES ('20120819210031')[0m
  [4;36;1mSQL (0.8ms)[0m   [0;1mINSERT INTO "schema_migrations" (version) VALUES ('20120819213206')[0m
  [4;36;1mSQL (0.4ms)[0m   [0;1m SELECT name
 FROM sqlite_master
 WHERE type = 'table' AND NOT name = 'sqlite_sequence'
[0m
  [4;35;1mSQL (0.2ms)[0m   [0mSELECT version FROM schema_migrations[0m
  [4;36;1mSQL (0.1ms)[0m   [0;1mselect sqlite_version(*)[0m
  [4;35;1mSQL (0.2ms)[0m   [0m SELECT name
 FROM sqlite_master
 WHERE type = 'table' AND NOT name = 'sqlite_sequence'
[0m
  [4;36;1mSQL (2.3ms)[0m   [0;1mCREATE TABLE "chapters" ("id" INTEGER PRIMARY KEY AUTOINCREMENT NOT NULL, "created_at" datetime, "updated_at" datetime, "comic_id" integer) [0m
  [4;35;1mSQL (0.1ms)[0m   [0m SELECT name
 FROM sqlite_master
 WHERE type = 'table' AND NOT name = 'sqlite_sequence'
[0m
  [4;36;1mSQL (1.6ms)[0m   [0;1mCREATE TABLE "comics" ("id" INTEGER PRIMARY KEY AUTOINCREMENT NOT NULL, "created_at" datetime, "updated_at" datetime, "title" varchar(255)) [0m
  [4;35;1mSQL (0.1ms)[0m   [0m SELECT name
 FROM sqlite_master
 WHERE type = 'table' AND NOT name = 'sqlite_sequence'
[0m
  [4;36;1mSQL (0.8ms)[0m   [0;1mCREATE TABLE "pages" ("id" INTEGER PRIMARY KEY AUTOINCREMENT NOT NULL, "created_at" datetime, "updated_at" datetime, "chapter_id" integer, "comic_strip_file_name" varchar(255), "comic_strip_content_type" varchar(255), "comic_strip_file_size" integer, "comic_strip_updated_at" datetime, "page_number" integer) [0m
  [4;35;1mSQL (0.1ms)[0m   [0m SELECT name
 FROM sqlite_master
 WHERE type = 'table' AND NOT name = 'sqlite_sequence'
[0m
  [4;36;1mSQL (1.1ms)[0m   [0;1mCREATE TABLE "posts" ("id" INTEGER PRIMARY KEY AUTOINCREMENT NOT NULL, "created_at" datetime, "updated_at" datetime, "page_id" integer) [0m
  [4;35;1mSQL (0.2ms)[0m   [0m SELECT name
 FROM sqlite_master
 WHERE type = 'table' AND NOT name = 'sqlite_sequence'
[0m
  [4;36;1mSQL (1.1ms)[0m   [0;1mCREATE TABLE "schema_migrations" ("version" varchar(255) NOT NULL) [0m
  [4;35;1mSQL (0.0ms)[0m   [0mPRAGMA index_list("schema_migrations")[0m
  [4;36;1mSQL (1.1ms)[0m   [0;1mCREATE UNIQUE INDEX "unique_schema_migrations" ON "schema_migrations" ("version")[0m
  [4;35;1mSQL (0.2ms)[0m   [0m SELECT name
 FROM sqlite_master
 WHERE type = 'table' AND NOT name = 'sqlite_sequence'
[0m
  [4;36;1mSQL (0.1ms)[0m   [0;1mSELECT version FROM "schema_migrations"[0m
  [4;35;1mSQL (1.2ms)[0m   [0mINSERT INTO "schema_migrations" (version) VALUES ('20120819214546')[0m
  [4;36;1mSQL (0.9ms)[0m   [0;1mINSERT INTO "schema_migrations" (version) VALUES ('20120715225800')[0m
  [4;35;1mSQL (0.6ms)[0m   [0mINSERT INTO "schema_migrations" (version) VALUES ('20120715225952')[0m
  [4;36;1mSQL (0.9ms)[0m   [0;1mINSERT INTO "schema_migrations" (version) VALUES ('20120715230029')[0m
  [4;35;1mSQL (0.8ms)[0m   [0mINSERT INTO "schema_migrations" (version) VALUES ('20120715230426')[0m
  [4;36;1mSQL (0.8ms)[0m   [0;1mINSERT INTO "schema_migrations" (version) VALUES ('20120715232200')[0m
  [4;35;1mSQL (0.7ms)[0m   [0mINSERT INTO "schema_migrations" (version) VALUES ('20120715232330')[0m
  [4;36;1mSQL (0.9ms)[0m   [0;1mINSERT INTO "schema_migrations" (version) VALUES ('20120715233053')[0m
  [4;35;1mSQL (1.1ms)[0m   [0mINSERT INTO "schema_migrations" (version) VALUES ('20120819210031')[0m
  [4;36;1mSQL (0.9ms)[0m   [0;1mINSERT INTO "schema_migrations" (version) VALUES ('20120819213206')[0m
  [4;36;1mSQL (0.4ms)[0m   [0;1m SELECT name
 FROM sqlite_master
 WHERE type = 'table' AND NOT name = 'sqlite_sequence'
[0m
  [4;35;1mSQL (0.2ms)[0m   [0mSELECT version FROM schema_migrations[0m
  [4;36;1mSQL (0.1ms)[0m   [0;1mselect sqlite_version(*)[0m
  [4;35;1mSQL (0.2ms)[0m   [0m SELECT name
 FROM sqlite_master
 WHERE type = 'table' AND NOT name = 'sqlite_sequence'
[0m
  [4;36;1mSQL (3.5ms)[0m   [0;1mCREATE TABLE "chapters" ("id" INTEGER PRIMARY KEY AUTOINCREMENT NOT NULL, "created_at" datetime, "updated_at" datetime, "comic_id" integer) [0m
  [4;35;1mSQL (0.2ms)[0m   [0m SELECT name
 FROM sqlite_master
 WHERE type = 'table' AND NOT name = 'sqlite_sequence'
[0m
  [4;36;1mSQL (1.4ms)[0m   [0;1mCREATE TABLE "comics" ("id" INTEGER PRIMARY KEY AUTOINCREMENT NOT NULL, "created_at" datetime, "updated_at" datetime, "title" varchar(255)) [0m
  [4;35;1mSQL (0.1ms)[0m   [0m SELECT name
 FROM sqlite_master
 WHERE type = 'table' AND NOT name = 'sqlite_sequence'
[0m
  [4;36;1mSQL (1.1ms)[0m   [0;1mCREATE TABLE "pages" ("id" INTEGER PRIMARY KEY AUTOINCREMENT NOT NULL, "created_at" datetime, "updated_at" datetime, "chapter_id" integer, "comic_strip_file_name" varchar(255), "comic_strip_content_type" varchar(255), "comic_strip_file_size" integer, "comic_strip_updated_at" datetime, "page_number" integer) [0m
  [4;35;1mSQL (0.1ms)[0m   [0m SELECT name
 FROM sqlite_master
 WHERE type = 'table' AND NOT name = 'sqlite_sequence'
[0m
  [4;36;1mSQL (1.3ms)[0m   [0;1mCREATE TABLE "posts" ("id" INTEGER PRIMARY KEY AUTOINCREMENT NOT NULL, "created_at" datetime, "updated_at" datetime, "page_id" integer) [0m
  [4;35;1mSQL (0.1ms)[0m   [0m SELECT name
 FROM sqlite_master
 WHERE type = 'table' AND NOT name = 'sqlite_sequence'
[0m
  [4;36;1mSQL (1.3ms)[0m   [0;1mCREATE TABLE "schema_migrations" ("version" varchar(255) NOT NULL) [0m
  [4;35;1mSQL (0.0ms)[0m   [0mPRAGMA index_list("schema_migrations")[0m
  [4;36;1mSQL (1.2ms)[0m   [0;1mCREATE UNIQUE INDEX "unique_schema_migrations" ON "schema_migrations" ("version")[0m
  [4;35;1mSQL (0.1ms)[0m   [0m SELECT name
 FROM sqlite_master
 WHERE type = 'table' AND NOT name = 'sqlite_sequence'
[0m
  [4;36;1mSQL (0.1ms)[0m   [0;1mSELECT version FROM "schema_migrations"[0m
  [4;35;1mSQL (1.4ms)[0m   [0mINSERT INTO "schema_migrations" (version) VALUES ('20120819214546')[0m
  [4;36;1mSQL (1.2ms)[0m   [0;1mINSERT INTO "schema_migrations" (version) VALUES ('20120715225800')[0m
  [4;35;1mSQL (0.7ms)[0m   [0mINSERT INTO "schema_migrations" (version) VALUES ('20120715225952')[0m
  [4;36;1mSQL (0.8ms)[0m   [0;1mINSERT INTO "schema_migrations" (version) VALUES ('20120715230029')[0m
  [4;35;1mSQL (1.1ms)[0m   [0mINSERT INTO "schema_migrations" (version) VALUES ('20120715230426')[0m
  [4;36;1mSQL (0.9ms)[0m   [0;1mINSERT INTO "schema_migrations" (version) VALUES ('20120715232200')[0m
  [4;35;1mSQL (0.8ms)[0m   [0mINSERT INTO "schema_migrations" (version) VALUES ('20120715232330')[0m
  [4;36;1mSQL (0.9ms)[0m   [0;1mINSERT INTO "schema_migrations" (version) VALUES ('20120715233053')[0m
  [4;35;1mSQL (0.9ms)[0m   [0mINSERT INTO "schema_migrations" (version) VALUES ('20120819210031')[0m
  [4;36;1mSQL (0.7ms)[0m   [0;1mINSERT INTO "schema_migrations" (version) VALUES ('20120819213206')[0m
  [4;36;1mSQL (0.4ms)[0m   [0;1m SELECT name
 FROM sqlite_master
 WHERE type = 'table' AND NOT name = 'sqlite_sequence'
[0m
  [4;35;1mSQL (0.2ms)[0m   [0mSELECT version FROM schema_migrations[0m
  [4;36;1mSQL (0.1ms)[0m   [0;1mselect sqlite_version(*)[0m
  [4;35;1mSQL (0.2ms)[0m   [0m SELECT name
 FROM sqlite_master
 WHERE type = 'table' AND NOT name = 'sqlite_sequence'
[0m
  [4;36;1mSQL (3.7ms)[0m   [0;1mCREATE TABLE "chapters" ("id" INTEGER PRIMARY KEY AUTOINCREMENT NOT NULL, "created_at" datetime, "updated_at" datetime, "comic_id" integer) [0m
  [4;35;1mSQL (0.2ms)[0m   [0m SELECT name
 FROM sqlite_master
 WHERE type = 'table' AND NOT name = 'sqlite_sequence'
[0m
  [4;36;1mSQL (1.2ms)[0m   [0;1mCREATE TABLE "comics" ("id" INTEGER PRIMARY KEY AUTOINCREMENT NOT NULL, "created_at" datetime, "updated_at" datetime, "title" varchar(255)) [0m
  [4;35;1mSQL (0.1ms)[0m   [0m SELECT name
 FROM sqlite_master
 WHERE type = 'table' AND NOT name = 'sqlite_sequence'
[0m
  [4;36;1mSQL (1.2ms)[0m   [0;1mCREATE TABLE "pages" ("id" INTEGER PRIMARY KEY AUTOINCREMENT NOT NULL, "created_at" datetime, "updated_at" datetime, "chapter_id" integer, "comic_strip_file_name" varchar(255), "comic_strip_content_type" varchar(255), "comic_strip_file_size" integer, "comic_strip_updated_at" datetime, "page_number" integer) [0m
  [4;35;1mSQL (0.1ms)[0m   [0m SELECT name
 FROM sqlite_master
 WHERE type = 'table' AND NOT name = 'sqlite_sequence'
[0m
  [4;36;1mSQL (1.5ms)[0m   [0;1mCREATE TABLE "posts" ("id" INTEGER PRIMARY KEY AUTOINCREMENT NOT NULL, "created_at" datetime, "updated_at" datetime, "page_id" integer) [0m
  [4;35;1mSQL (0.2ms)[0m   [0m SELECT name
 FROM sqlite_master
 WHERE type = 'table' AND NOT name = 'sqlite_sequence'
[0m
  [4;36;1mSQL (1.7ms)[0m   [0;1mCREATE TABLE "schema_migrations" ("version" varchar(255) NOT NULL) [0m
  [4;35;1mSQL (0.0ms)[0m   [0mPRAGMA index_list("schema_migrations")[0m
  [4;36;1mSQL (1.6ms)[0m   [0;1mCREATE UNIQUE INDEX "unique_schema_migrations" ON "schema_migrations" ("version")[0m
  [4;35;1mSQL (0.2ms)[0m   [0m SELECT name
 FROM sqlite_master
 WHERE type = 'table' AND NOT name = 'sqlite_sequence'
[0m
  [4;36;1mSQL (0.1ms)[0m   [0;1mSELECT version FROM "schema_migrations"[0m
  [4;35;1mSQL (1.1ms)[0m   [0mINSERT INTO "schema_migrations" (version) VALUES ('20120819214546')[0m
  [4;36;1mSQL (1.3ms)[0m   [0;1mINSERT INTO "schema_migrations" (version) VALUES ('20120715225800')[0m
  [4;35;1mSQL (0.9ms)[0m   [0mINSERT INTO "schema_migrations" (version) VALUES ('20120715225952')[0m
  [4;36;1mSQL (0.9ms)[0m   [0;1mINSERT INTO "schema_migrations" (version) VALUES ('20120715230029')[0m
  [4;35;1mSQL (0.9ms)[0m   [0mINSERT INTO "schema_migrations" (version) VALUES ('20120715230426')[0m
  [4;36;1mSQL (0.9ms)[0m   [0;1mINSERT INTO "schema_migrations" (version) VALUES ('20120715232200')[0m
  [4;35;1mSQL (0.7ms)[0m   [0mINSERT INTO "schema_migrations" (version) VALUES ('20120715232330')[0m
  [4;36;1mSQL (0.9ms)[0m   [0;1mINSERT INTO "schema_migrations" (version) VALUES ('20120715233053')[0m
  [4;35;1mSQL (0.8ms)[0m   [0mINSERT INTO "schema_migrations" (version) VALUES ('20120819210031')[0m
  [4;36;1mSQL (0.8ms)[0m   [0;1mINSERT INTO "schema_migrations" (version) VALUES ('20120819213206')[0m
  [4;36;1mSQL (0.4ms)[0m   [0;1m SELECT name
 FROM sqlite_master
 WHERE type = 'table' AND NOT name = 'sqlite_sequence'
[0m
  [4;35;1mSQL (0.2ms)[0m   [0mSELECT version FROM schema_migrations[0m
  [4;36;1mSQL (0.1ms)[0m   [0;1mselect sqlite_version(*)[0m
  [4;35;1mSQL (0.2ms)[0m   [0m SELECT name
 FROM sqlite_master
 WHERE type = 'table' AND NOT name = 'sqlite_sequence'
[0m
  [4;36;1mSQL (2.5ms)[0m   [0;1mCREATE TABLE "chapters" ("id" INTEGER PRIMARY KEY AUTOINCREMENT NOT NULL, "created_at" datetime, "updated_at" datetime, "comic_id" integer) [0m
  [4;35;1mSQL (0.2ms)[0m   [0m SELECT name
 FROM sqlite_master
 WHERE type = 'table' AND NOT name = 'sqlite_sequence'
[0m
  [4;36;1mSQL (1.2ms)[0m   [0;1mCREATE TABLE "comics" ("id" INTEGER PRIMARY KEY AUTOINCREMENT NOT NULL, "created_at" datetime, "updated_at" datetime, "title" varchar(255)) [0m
  [4;35;1mSQL (0.1ms)[0m   [0m SELECT name
 FROM sqlite_master
 WHERE type = 'table' AND NOT name = 'sqlite_sequence'
[0m
  [4;36;1mSQL (1.3ms)[0m   [0;1mCREATE TABLE "pages" ("id" INTEGER PRIMARY KEY AUTOINCREMENT NOT NULL, "created_at" datetime, "updated_at" datetime, "chapter_id" integer, "comic_strip_file_name" varchar(255), "comic_strip_content_type" varchar(255), "comic_strip_file_size" integer, "comic_strip_updated_at" datetime, "page_number" integer) [0m
  [4;35;1mSQL (0.1ms)[0m   [0m SELECT name
 FROM sqlite_master
 WHERE type = 'table' AND NOT name = 'sqlite_sequence'
[0m
  [4;36;1mSQL (1.3ms)[0m   [0;1mCREATE TABLE "posts" ("id" INTEGER PRIMARY KEY AUTOINCREMENT NOT NULL, "created_at" datetime, "updated_at" datetime, "page_id" integer) [0m
  [4;35;1mSQL (0.1ms)[0m   [0m SELECT name
 FROM sqlite_master
 WHERE type = 'table' AND NOT name = 'sqlite_sequence'
[0m
  [4;36;1mSQL (1.3ms)[0m   [0;1mCREATE TABLE "schema_migrations" ("version" varchar(255) NOT NULL) [0m
  [4;35;1mSQL (0.0ms)[0m   [0mPRAGMA index_list("schema_migrations")[0m
  [4;36;1mSQL (1.2ms)[0m   [0;1mCREATE UNIQUE INDEX "unique_schema_migrations" ON "schema_migrations" ("version")[0m
  [4;35;1mSQL (0.1ms)[0m   [0m SELECT name
 FROM sqlite_master
 WHERE type = 'table' AND NOT name = 'sqlite_sequence'
[0m
  [4;36;1mSQL (0.1ms)[0m   [0;1mSELECT version FROM "schema_migrations"[0m
  [4;35;1mSQL (1.3ms)[0m   [0mINSERT INTO "schema_migrations" (version) VALUES ('20120819214546')[0m
  [4;36;1mSQL (1.2ms)[0m   [0;1mINSERT INTO "schema_migrations" (version) VALUES ('20120715225800')[0m
  [4;35;1mSQL (0.7ms)[0m   [0mINSERT INTO "schema_migrations" (version) VALUES ('20120715225952')[0m
  [4;36;1mSQL (0.8ms)[0m   [0;1mINSERT INTO "schema_migrations" (version) VALUES ('20120715230029')[0m
  [4;35;1mSQL (1.3ms)[0m   [0mINSERT INTO "schema_migrations" (version) VALUES ('20120715230426')[0m
  [4;36;1mSQL (1.1ms)[0m   [0;1mINSERT INTO "schema_migrations" (version) VALUES ('20120715232200')[0m
  [4;35;1mSQL (1.0ms)[0m   [0mINSERT INTO "schema_migrations" (version) VALUES ('20120715232330')[0m
  [4;36;1mSQL (1.1ms)[0m   [0;1mINSERT INTO "schema_migrations" (version) VALUES ('20120715233053')[0m
  [4;35;1mSQL (1.1ms)[0m   [0mINSERT INTO "schema_migrations" (version) VALUES ('20120819210031')[0m
  [4;36;1mSQL (0.7ms)[0m   [0;1mINSERT INTO "schema_migrations" (version) VALUES ('20120819213206')[0m
  [4;36;1mSQL (0.3ms)[0m   [0;1m SELECT name
 FROM sqlite_master
 WHERE type = 'table' AND NOT name = 'sqlite_sequence'
[0m
  [4;35;1mSQL (0.2ms)[0m   [0mSELECT version FROM schema_migrations[0m
Migrating to CreateComics (20120715225800)
Migrating to CreateChapters (20120715225952)
Migrating to CreatePages (20120715230029)
Migrating to CreatePosts (20120715230426)
Migrating to AddComicIdToChapters (20120715232200)
Migrating to AddChapterIdToPages (20120715232330)
Migrating to AddPageIdToPost (20120715233053)
Migrating to AddTitleToComic (20120819210031)
Migrating to AddAttachmentsComicStripToPage (20120819213206)
Migrating to AddPageNumberToPage (20120819214546)
Migrating to AddTitleToChapters (20120820011345)
  [4;36;1mSQL (0.0ms)[0m   [0;1mselect sqlite_version(*)[0m
  [4;35;1mSQL (0.4ms)[0m   [0mALTER TABLE "chapters" ADD "title" varchar(255)[0m
  [4;36;1mSQL (0.1ms)[0m   [0;1mINSERT INTO schema_migrations (version) VALUES ('20120820011345')[0m
  [4;35;1mSQL (0.2ms)[0m   [0m SELECT name
 FROM sqlite_master
 WHERE type = 'table' AND NOT name = 'sqlite_sequence'
[0m
  [4;36;1mSQL (0.2ms)[0m   [0;1mSELECT version FROM schema_migrations[0m
  [4;35;1mSQL (0.1ms)[0m   [0m SELECT name
 FROM sqlite_master
 WHERE type = 'table' AND NOT name = 'sqlite_sequence'
[0m
  [4;36;1mSQL (0.0ms)[0m   [0;1mPRAGMA index_list("chapters")[0m
  [4;35;1mSQL (0.0ms)[0m   [0mPRAGMA index_list("comics")[0m
  [4;36;1mSQL (0.0ms)[0m   [0;1mPRAGMA index_list("pages")[0m
  [4;35;1mSQL (0.0ms)[0m   [0mPRAGMA index_list("posts")[0m
  [4;36;1mSQL (0.3ms)[0m   [0;1m SELECT name
 FROM sqlite_master
 WHERE type = 'table' AND NOT name = 'sqlite_sequence'
[0m
  [4;35;1mSQL (0.2ms)[0m   [0mSELECT version FROM schema_migrations[0m
  [4;36;1mSQL (0.1ms)[0m   [0;1mselect sqlite_version(*)[0m
  [4;35;1mSQL (0.2ms)[0m   [0m SELECT name
 FROM sqlite_master
 WHERE type = 'table' AND NOT name = 'sqlite_sequence'
[0m
  [4;36;1mSQL (4.1ms)[0m   [0;1mCREATE TABLE "chapters" ("id" INTEGER PRIMARY KEY AUTOINCREMENT NOT NULL, "created_at" datetime, "updated_at" datetime, "comic_id" integer, "title" varchar(255)) [0m
  [4;35;1mSQL (0.3ms)[0m   [0m SELECT name
 FROM sqlite_master
 WHERE type = 'table' AND NOT name = 'sqlite_sequence'
[0m
  [4;36;1mSQL (1.1ms)[0m   [0;1mCREATE TABLE "comics" ("id" INTEGER PRIMARY KEY AUTOINCREMENT NOT NULL, "created_at" datetime, "updated_at" datetime, "title" varchar(255)) [0m
  [4;35;1mSQL (0.1ms)[0m   [0m SELECT name
 FROM sqlite_master
 WHERE type = 'table' AND NOT name = 'sqlite_sequence'
[0m
  [4;36;1mSQL (1.6ms)[0m   [0;1mCREATE TABLE "pages" ("id" INTEGER PRIMARY KEY AUTOINCREMENT NOT NULL, "created_at" datetime, "updated_at" datetime, "chapter_id" integer, "comic_strip_file_name" varchar(255), "comic_strip_content_type" varchar(255), "comic_strip_file_size" integer, "comic_strip_updated_at" datetime, "page_number" integer) [0m
  [4;35;1mSQL (0.1ms)[0m   [0m SELECT name
 FROM sqlite_master
 WHERE type = 'table' AND NOT name = 'sqlite_sequence'
[0m
  [4;36;1mSQL (1.6ms)[0m   [0;1mCREATE TABLE "posts" ("id" INTEGER PRIMARY KEY AUTOINCREMENT NOT NULL, "created_at" datetime, "updated_at" datetime, "page_id" integer) [0m
  [4;35;1mSQL (0.1ms)[0m   [0m SELECT name
 FROM sqlite_master
 WHERE type = 'table' AND NOT name = 'sqlite_sequence'
[0m
  [4;36;1mSQL (1.6ms)[0m   [0;1mCREATE TABLE "schema_migrations" ("version" varchar(255) NOT NULL) [0m
  [4;35;1mSQL (0.0ms)[0m   [0mPRAGMA index_list("schema_migrations")[0m
  [4;36;1mSQL (1.5ms)[0m   [0;1mCREATE UNIQUE INDEX "unique_schema_migrations" ON "schema_migrations" ("version")[0m
  [4;35;1mSQL (0.1ms)[0m   [0m SELECT name
 FROM sqlite_master
 WHERE type = 'table' AND NOT name = 'sqlite_sequence'
[0m
  [4;36;1mSQL (0.1ms)[0m   [0;1mSELECT version FROM "schema_migrations"[0m
  [4;35;1mSQL (0.7ms)[0m   [0mINSERT INTO "schema_migrations" (version) VALUES ('20120820011345')[0m
  [4;36;1mSQL (1.0ms)[0m   [0;1mINSERT INTO "schema_migrations" (version) VALUES ('20120715225800')[0m
  [4;35;1mSQL (1.1ms)[0m   [0mINSERT INTO "schema_migrations" (version) VALUES ('20120715225952')[0m
  [4;36;1mSQL (0.9ms)[0m   [0;1mINSERT INTO "schema_migrations" (version) VALUES ('20120715230029')[0m
  [4;35;1mSQL (0.9ms)[0m   [0mINSERT INTO "schema_migrations" (version) VALUES ('20120715230426')[0m
  [4;36;1mSQL (1.1ms)[0m   [0;1mINSERT INTO "schema_migrations" (version) VALUES ('20120715232200')[0m
  [4;35;1mSQL (0.7ms)[0m   [0mINSERT INTO "schema_migrations" (version) VALUES ('20120715232330')[0m
  [4;36;1mSQL (1.2ms)[0m   [0;1mINSERT INTO "schema_migrations" (version) VALUES ('20120715233053')[0m
  [4;35;1mSQL (0.9ms)[0m   [0mINSERT INTO "schema_migrations" (version) VALUES ('20120819210031')[0m
  [4;36;1mSQL (0.9ms)[0m   [0;1mINSERT INTO "schema_migrations" (version) VALUES ('20120819213206')[0m
  [4;35;1mSQL (0.9ms)[0m   [0mINSERT INTO "schema_migrations" (version) VALUES ('20120819214546')[0m
  [4;36;1mSQL (0.3ms)[0m   [0;1m SELECT name
 FROM sqlite_master
 WHERE type = 'table' AND NOT name = 'sqlite_sequence'
[0m
  [4;35;1mSQL (0.2ms)[0m   [0mSELECT version FROM schema_migrations[0m
  [4;36;1mSQL (0.1ms)[0m   [0;1mselect sqlite_version(*)[0m
  [4;35;1mSQL (0.2ms)[0m   [0m SELECT name
 FROM sqlite_master
 WHERE type = 'table' AND NOT name = 'sqlite_sequence'
[0m
  [4;36;1mSQL (2.6ms)[0m   [0;1mCREATE TABLE "chapters" ("id" INTEGER PRIMARY KEY AUTOINCREMENT NOT NULL, "created_at" datetime, "updated_at" datetime, "comic_id" integer, "title" varchar(255)) [0m
  [4;35;1mSQL (0.2ms)[0m   [0m SELECT name
 FROM sqlite_master
 WHERE type = 'table' AND NOT name = 'sqlite_sequence'
[0m
  [4;36;1mSQL (1.5ms)[0m   [0;1mCREATE TABLE "comics" ("id" INTEGER PRIMARY KEY AUTOINCREMENT NOT NULL, "created_at" datetime, "updated_at" datetime, "title" varchar(255)) [0m
  [4;35;1mSQL (0.1ms)[0m   [0m SELECT name
 FROM sqlite_master
 WHERE type = 'table' AND NOT name = 'sqlite_sequence'
[0m
  [4;36;1mSQL (1.4ms)[0m   [0;1mCREATE TABLE "pages" ("id" INTEGER PRIMARY KEY AUTOINCREMENT NOT NULL, "created_at" datetime, "updated_at" datetime, "chapter_id" integer, "comic_strip_file_name" varchar(255), "comic_strip_content_type" varchar(255), "comic_strip_file_size" integer, "comic_strip_updated_at" datetime, "page_number" integer) [0m
  [4;35;1mSQL (0.1ms)[0m   [0m SELECT name
 FROM sqlite_master
 WHERE type = 'table' AND NOT name = 'sqlite_sequence'
[0m
  [4;36;1mSQL (1.3ms)[0m   [0;1mCREATE TABLE "posts" ("id" INTEGER PRIMARY KEY AUTOINCREMENT NOT NULL, "created_at" datetime, "updated_at" datetime, "page_id" integer) [0m
  [4;35;1mSQL (0.1ms)[0m   [0m SELECT name
 FROM sqlite_master
 WHERE type = 'table' AND NOT name = 'sqlite_sequence'
[0m
  [4;36;1mSQL (1.4ms)[0m   [0;1mCREATE TABLE "schema_migrations" ("version" varchar(255) NOT NULL) [0m
  [4;35;1mSQL (0.0ms)[0m   [0mPRAGMA index_list("schema_migrations")[0m
  [4;36;1mSQL (1.2ms)[0m   [0;1mCREATE UNIQUE INDEX "unique_schema_migrations" ON "schema_migrations" ("version")[0m
  [4;35;1mSQL (0.1ms)[0m   [0m SELECT name
 FROM sqlite_master
 WHERE type = 'table' AND NOT name = 'sqlite_sequence'
[0m
  [4;36;1mSQL (0.1ms)[0m   [0;1mSELECT version FROM "schema_migrations"[0m
  [4;35;1mSQL (1.3ms)[0m   [0mINSERT INTO "schema_migrations" (version) VALUES ('20120820011345')[0m
  [4;36;1mSQL (1.0ms)[0m   [0;1mINSERT INTO "schema_migrations" (version) VALUES ('20120715225800')[0m
  [4;35;1mSQL (0.9ms)[0m   [0mINSERT INTO "schema_migrations" (version) VALUES ('20120715225952')[0m
  [4;36;1mSQL (1.2ms)[0m   [0;1mINSERT INTO "schema_migrations" (version) VALUES ('20120715230029')[0m
  [4;35;1mSQL (1.4ms)[0m   [0mINSERT INTO "schema_migrations" (version) VALUES ('20120715230426')[0m
  [4;36;1mSQL (1.2ms)[0m   [0;1mINSERT INTO "schema_migrations" (version) VALUES ('20120715232200')[0m
  [4;35;1mSQL (1.1ms)[0m   [0mINSERT INTO "schema_migrations" (version) VALUES ('20120715232330')[0m
  [4;36;1mSQL (0.7ms)[0m   [0;1mINSERT INTO "schema_migrations" (version) VALUES ('20120715233053')[0m
  [4;35;1mSQL (1.1ms)[0m   [0mINSERT INTO "schema_migrations" (version) VALUES ('20120819210031')[0m
  [4;36;1mSQL (1.1ms)[0m   [0;1mINSERT INTO "schema_migrations" (version) VALUES ('20120819213206')[0m
  [4;35;1mSQL (1.1ms)[0m   [0mINSERT INTO "schema_migrations" (version) VALUES ('20120819214546')[0m
  [4;36;1mSQL (0.3ms)[0m   [0;1m SELECT name
 FROM sqlite_master
 WHERE type = 'table' AND NOT name = 'sqlite_sequence'
[0m
  [4;35;1mSQL (0.2ms)[0m   [0mSELECT version FROM schema_migrations[0m
Migrating to CreateComics (20120715225800)
Migrating to CreateChapters (20120715225952)
Migrating to CreatePages (20120715230029)
Migrating to CreatePosts (20120715230426)
Migrating to AddComicIdToChapters (20120715232200)
Migrating to AddChapterIdToPages (20120715232330)
Migrating to AddPageIdToPost (20120715233053)
Migrating to AddTitleToComic (20120819210031)
Migrating to AddAttachmentsComicStripToPage (20120819213206)
Migrating to AddPageNumberToPage (20120819214546)
Migrating to AddTitleToChapters (20120820011345)
Migrating to AddTitleToPosts (20120820013004)
  [4;36;1mSQL (0.0ms)[0m   [0;1mselect sqlite_version(*)[0m
  [4;35;1mSQL (0.3ms)[0m   [0mALTER TABLE "posts" ADD "title" varchar(255)[0m
  [4;36;1mSQL (0.1ms)[0m   [0;1mINSERT INTO schema_migrations (version) VALUES ('20120820013004')[0m
Migrating to AddContentToPosts (20120820013140)
  [4;35;1mSQL (0.3ms)[0m   [0mALTER TABLE "posts" ADD "content" text[0m
  [4;36;1mSQL (0.1ms)[0m   [0;1mINSERT INTO schema_migrations (version) VALUES ('20120820013140')[0m
  [4;35;1mSQL (0.1ms)[0m   [0m SELECT name
 FROM sqlite_master
 WHERE type = 'table' AND NOT name = 'sqlite_sequence'
[0m
  [4;36;1mSQL (0.2ms)[0m   [0;1mSELECT version FROM schema_migrations[0m
  [4;35;1mSQL (0.1ms)[0m   [0m SELECT name
 FROM sqlite_master
 WHERE type = 'table' AND NOT name = 'sqlite_sequence'
[0m
  [4;36;1mSQL (0.0ms)[0m   [0;1mPRAGMA index_list("chapters")[0m
  [4;35;1mSQL (0.0ms)[0m   [0mPRAGMA index_list("comics")[0m
  [4;36;1mSQL (0.0ms)[0m   [0;1mPRAGMA index_list("pages")[0m
  [4;35;1mSQL (0.0ms)[0m   [0mPRAGMA index_list("posts")[0m
